<?xml version="1.0" ?>
<!DOCTYPE coverage SYSTEM "http://cobertura.sourceforge.net/xml/coverage-04.dtd">
<coverage lines-valid="1552" lines-covered="1340" line-rate="0.8634000000000001" branches-valid="770" branches-covered="529" branch-rate="0.687" timestamp="1781640187149" complexity="0" version="0.1">
  <sources>
    <source>/Users/n1k1t/Code/package.mock-server</source>
  </sources>
  <packages>
    <package name="client" line-rate="0.9743" branch-rate="1">
      <classes>
        <class name="index.ts" filename="src/client/index.ts" line-rate="1" branch-rate="1">
          <methods>
          </methods>
          <lines>
            <line number="1" hits="16" branch="false"/>
            <line number="2" hits="16" branch="false"/>
            <line number="3" hits="16" branch="false"/>
            <line number="4" hits="16" branch="false"/>
            <line number="5" hits="16" branch="false"/>
          </lines>
        </class>
        <class name="onsite.ts" filename="src/client/onsite.ts" line-rate="1" branch-rate="1">
          <methods>
            <method name="(anonymous_10)" hits="46" signature="()V">
              <lines>
                <line number="12" hits="46"/>
              </lines>
            </method>
            <method name="(anonymous_11)" hits="322" signature="()V">
              <lines>
                <line number="16" hits="322"/>
              </lines>
            </method>
            <method name="(anonymous_12)" hits="2" signature="()V">
              <lines>
                <line number="20" hits="2"/>
              </lines>
            </method>
            <method name="(anonymous_13)" hits="41" signature="()V">
              <lines>
                <line number="26" hits="41"/>
              </lines>
            </method>
          </methods>
          <lines>
            <line number="1" hits="17" branch="false"/>
            <line number="7" hits="17" branch="false"/>
            <line number="9" hits="17" branch="false"/>
            <line number="11" hits="17" branch="false"/>
            <line number="13" hits="46" branch="false"/>
            <line number="16" hits="322" branch="false"/>
            <line number="23" hits="2" branch="false"/>
            <line number="27" hits="41" branch="false"/>
          </lines>
        </class>
        <class name="remote.ts" filename="src/client/remote.ts" line-rate="1" branch-rate="1">
          <methods>
            <method name="(anonymous_10)" hits="8" signature="()V">
              <lines>
                <line number="12" hits="8"/>
              </lines>
            </method>
            <method name="(anonymous_11)" hits="56" signature="()V">
              <lines>
                <line number="21" hits="56"/>
              </lines>
            </method>
            <method name="(anonymous_12)" hits="1" signature="()V">
              <lines>
                <line number="25" hits="1"/>
              </lines>
            </method>
            <method name="(anonymous_13)" hits="1" signature="()V">
              <lines>
                <line number="29" hits="1"/>
              </lines>
            </method>
            <method name="(anonymous_14)" hits="1" signature="()V">
              <lines>
                <line number="33" hits="1"/>
              </lines>
            </method>
            <method name="(anonymous_15)" hits="1" signature="()V">
              <lines>
                <line number="37" hits="1"/>
              </lines>
            </method>
          </methods>
          <lines>
            <line number="1" hits="17" branch="false"/>
            <line number="2" hits="17" branch="false"/>
            <line number="7" hits="17" branch="false"/>
            <line number="9" hits="17" branch="false"/>
            <line number="11" hits="17" branch="false"/>
            <line number="12" hits="8" branch="false"/>
            <line number="13" hits="8" branch="false"/>
            <line number="18" hits="8" branch="false"/>
            <line number="21" hits="56" branch="false"/>
            <line number="26" hits="1" branch="false"/>
            <line number="30" hits="1" branch="false"/>
            <line number="34" hits="1" branch="false"/>
            <line number="40" hits="1" branch="false"/>
            <line number="42" hits="1" branch="false"/>
            <line number="43" hits="1" branch="false"/>
          </lines>
        </class>
        <class name="utils.ts" filename="src/client/utils.ts" line-rate="0.909" branch-rate="1">
          <methods>
            <method name="(anonymous_0)" hits="3" signature="()V">
              <lines>
                <line number="10" hits="3"/>
              </lines>
            </method>
            <method name="(anonymous_1)" hits="19" signature="()V">
              <lines>
                <line number="33" hits="19"/>
              </lines>
            </method>
          </methods>
          <lines>
            <line number="7" hits="27" branch="false"/>
            <line number="8" hits="27" branch="false"/>
            <line number="10" hits="27" branch="false"/>
            <line number="11" hits="3" branch="false"/>
            <line number="17" hits="3" branch="true" condition-coverage="100% (1/1)"/>
            <line number="18" hits="1" branch="false"/>
            <line number="21" hits="2" branch="true" condition-coverage="100% (2/2)"/>
            <line number="23" hits="1" branch="false"/>
            <line number="26" hits="1" branch="false"/>
            <line number="30" hits="0" branch="false"/>
            <line number="33" hits="27" branch="false"/>
          </lines>
        </class>
      </classes>
    </package>
    <package name="client.errors" line-rate="1" branch-rate="1">
      <classes>
        <class name="connection.error.ts" filename="src/client/errors/connection.error.ts" line-rate="1" branch-rate="1">
          <methods>
            <method name="(anonymous_0)" hits="2" signature="()V">
              <lines>
                <line number="4" hits="2"/>
              </lines>
            </method>
          </methods>
          <lines>
            <line number="3" hits="28" branch="false"/>
            <line number="4" hits="2" branch="true" condition-coverage="100% (1/1)"/>
            <line number="5" hits="2" branch="false"/>
          </lines>
        </class>
        <class name="index.ts" filename="src/client/errors/index.ts" line-rate="1" branch-rate="1">
          <methods>
          </methods>
          <lines>
            <line number="1" hits="27" branch="false"/>
            <line number="2" hits="27" branch="false"/>
            <line number="3" hits="27" branch="false"/>
            <line number="4" hits="27" branch="false"/>
          </lines>
        </class>
        <class name="internal-server.error.ts" filename="src/client/errors/internal-server.error.ts" line-rate="1" branch-rate="1">
          <methods>
            <method name="(anonymous_0)" hits="2" signature="()V">
              <lines>
                <line number="4" hits="2"/>
              </lines>
            </method>
          </methods>
          <lines>
            <line number="3" hits="28" branch="false"/>
            <line number="5" hits="2" branch="false"/>
            <line number="8" hits="2" branch="false"/>
          </lines>
        </class>
        <class name="validation.error.ts" filename="src/client/errors/validation.error.ts" line-rate="1" branch-rate="1">
          <methods>
            <method name="(anonymous_0)" hits="4" signature="()V">
              <lines>
                <line number="4" hits="4"/>
              </lines>
            </method>
          </methods>
          <lines>
            <line number="3" hits="28" branch="false"/>
            <line number="5" hits="4" branch="false"/>
            <line number="6" hits="4" branch="false"/>
            <line number="8" hits="4" branch="false"/>
          </lines>
        </class>
      </classes>
    </package>
    <package name="client.helpers" line-rate="1" branch-rate="1">
      <classes>
        <class name="expectations.ts" filename="src/client/helpers/expectations.ts" line-rate="1" branch-rate="1">
          <methods>
            <method name="(anonymous_0)" hits="29" signature="()V">
              <lines>
                <line number="91" hits="29"/>
              </lines>
            </method>
            <method name="(anonymous_1)" hits="1" signature="()V">
              <lines>
                <line number="95" hits="1"/>
              </lines>
            </method>
            <method name="(anonymous_2)" hits="7" signature="()V">
              <lines>
                <line number="96" hits="7"/>
              </lines>
            </method>
            <method name="(anonymous_3)" hits="2" signature="()V">
              <lines>
                <line number="97" hits="2"/>
              </lines>
            </method>
            <method name="(anonymous_4)" hits="2" signature="()V">
              <lines>
                <line number="99" hits="2"/>
              </lines>
            </method>
            <method name="(anonymous_5)" hits="1" signature="()V">
              <lines>
                <line number="100" hits="1"/>
              </lines>
            </method>
            <method name="(anonymous_6)" hits="8" signature="()V">
              <lines>
                <line number="102" hits="8"/>
              </lines>
            </method>
            <method name="(anonymous_7)" hits="51" signature="()V">
              <lines>
                <line number="121" hits="51"/>
              </lines>
            </method>
            <method name="(anonymous_8)" hits="8" signature="()V">
              <lines>
                <line number="140" hits="8"/>
              </lines>
            </method>
            <method name="(anonymous_9)" hits="4" signature="()V">
              <lines>
                <line number="159" hits="4"/>
              </lines>
            </method>
            <method name="(anonymous_10)" hits="4" signature="()V">
              <lines>
                <line number="178" hits="4"/>
              </lines>
            </method>
          </methods>
          <lines>
            <line number="91" hits="27" branch="false"/>
            <line number="94" hits="29" branch="false"/>
            <line number="95" hits="1" branch="false"/>
            <line number="96" hits="7" branch="false"/>
            <line number="97" hits="2" branch="false"/>
            <line number="99" hits="2" branch="false"/>
            <line number="100" hits="1" branch="false"/>
            <line number="107" hits="8" branch="false"/>
            <line number="126" hits="51" branch="false"/>
            <line number="145" hits="8" branch="false"/>
            <line number="164" hits="4" branch="false"/>
            <line number="182" hits="4" branch="false"/>
          </lines>
        </class>
        <class name="index.ts" filename="src/client/helpers/index.ts" line-rate="1" branch-rate="1">
          <methods>
          </methods>
          <lines>
            <line number="1" hits="26" branch="false"/>
          </lines>
        </class>
      </classes>
    </package>
    <package name="client.methods" line-rate="1" branch-rate="0.8571">
      <classes>
        <class name="expectations-group.update.method.ts" filename="src/client/methods/expectations-group.update.method.ts" line-rate="1" branch-rate="1">
          <methods>
            <method name="(anonymous_1)" hits="11" signature="()V">
              <lines>
                <line number="13" hits="11"/>
              </lines>
            </method>
            <method name="(anonymous_2)" hits="4" signature="()V">
              <lines>
                <line number="13" hits="4"/>
              </lines>
            </method>
            <method name="(anonymous_3)" hits="52" signature="()V">
              <lines>
                <line number="27" hits="52"/>
              </lines>
            </method>
            <method name="(anonymous_4)" hits="6" signature="()V">
              <lines>
                <line number="27" hits="6"/>
              </lines>
            </method>
            <method name="(anonymous_5)" hits="5" signature="()V">
              <lines>
                <line number="28" hits="5"/>
              </lines>
            </method>
          </methods>
          <lines>
            <line number="1" hits="19" branch="false"/>
            <line number="2" hits="19" branch="false"/>
            <line number="4" hits="19" branch="false"/>
            <line number="6" hits="19" branch="false"/>
            <line number="8" hits="19" branch="false"/>
            <line number="13" hits="11" branch="false"/>
            <line number="14" hits="4" branch="false"/>
            <line number="25" hits="4" branch="false"/>
            <line number="27" hits="52" branch="false"/>
            <line number="28" hits="6" branch="false"/>
            <line number="29" hits="5" branch="false"/>
            <line number="31" hits="5" branch="false"/>
            <line number="33" hits="5" branch="false"/>
            <line number="34" hits="5" branch="false"/>
          </lines>
        </class>
        <class name="expectations.create.method.ts" filename="src/client/methods/expectations.create.method.ts" line-rate="1" branch-rate="1">
          <methods>
            <method name="(anonymous_1)" hits="9" signature="()V">
              <lines>
                <line number="14" hits="9"/>
              </lines>
            </method>
            <method name="(anonymous_2)" hits="1" signature="()V">
              <lines>
                <line number="14" hits="1"/>
              </lines>
            </method>
            <method name="(anonymous_3)" hits="51" signature="()V">
              <lines>
                <line number="28" hits="51"/>
              </lines>
            </method>
            <method name="(anonymous_4)" hits="5" signature="()V">
              <lines>
                <line number="28" hits="5"/>
              </lines>
            </method>
          </methods>
          <lines>
            <line number="1" hits="19" branch="false"/>
            <line number="2" hits="19" branch="false"/>
            <line number="3" hits="19" branch="false"/>
            <line number="5" hits="19" branch="false"/>
            <line number="7" hits="19" branch="false"/>
            <line number="9" hits="19" branch="false"/>
            <line number="14" hits="9" branch="false"/>
            <line number="15" hits="1" branch="false"/>
            <line number="26" hits="1" branch="false"/>
            <line number="28" hits="51" branch="false"/>
            <line number="29" hits="5" branch="false"/>
            <line number="33" hits="5" branch="true" condition-coverage="100% (1/1)"/>
            <line number="34" hits="1" branch="false"/>
            <line number="37" hits="4" branch="false"/>
            <line number="38" hits="4" branch="false"/>
          </lines>
        </class>
        <class name="expectations.delete.method.ts" filename="src/client/methods/expectations.delete.method.ts" line-rate="1" branch-rate="1">
          <methods>
            <method name="(anonymous_1)" hits="12" signature="()V">
              <lines>
                <line number="13" hits="12"/>
              </lines>
            </method>
            <method name="(anonymous_2)" hits="4" signature="()V">
              <lines>
                <line number="13" hits="4"/>
              </lines>
            </method>
            <method name="(anonymous_3)" hits="53" signature="()V">
              <lines>
                <line number="27" hits="53"/>
              </lines>
            </method>
            <method name="(anonymous_4)" hits="7" signature="()V">
              <lines>
                <line number="27" hits="7"/>
              </lines>
            </method>
            <method name="(anonymous_5)" hits="4" signature="()V">
              <lines>
                <line number="29" hits="4"/>
              </lines>
            </method>
          </methods>
          <lines>
            <line number="1" hits="19" branch="false"/>
            <line number="2" hits="19" branch="false"/>
            <line number="4" hits="19" branch="false"/>
            <line number="6" hits="19" branch="false"/>
            <line number="8" hits="19" branch="false"/>
            <line number="13" hits="12" branch="false"/>
            <line number="14" hits="4" branch="false"/>
            <line number="25" hits="4" branch="false"/>
            <line number="27" hits="53" branch="false"/>
            <line number="28" hits="7" branch="true" condition-coverage="100% (2/2)"/>
            <line number="29" hits="4" branch="false"/>
            <line number="32" hits="7" branch="false"/>
          </lines>
        </class>
        <class name="expectations.update.method.ts" filename="src/client/methods/expectations.update.method.ts" line-rate="1" branch-rate="0.75">
          <methods>
            <method name="(anonymous_1)" hits="15" signature="()V">
              <lines>
                <line number="18" hits="15"/>
              </lines>
            </method>
            <method name="(anonymous_2)" hits="7" signature="()V">
              <lines>
                <line number="18" hits="7"/>
              </lines>
            </method>
            <method name="(anonymous_3)" hits="55" signature="()V">
              <lines>
                <line number="35" hits="55"/>
              </lines>
            </method>
            <method name="(anonymous_4)" hits="9" signature="()V">
              <lines>
                <line number="35" hits="9"/>
              </lines>
            </method>
            <method name="(anonymous_5)" hits="2" signature="()V">
              <lines>
                <line number="42" hits="2"/>
              </lines>
            </method>
          </methods>
          <lines>
            <line number="1" hits="19" branch="false"/>
            <line number="3" hits="19" branch="false"/>
            <line number="4" hits="19" branch="false"/>
            <line number="5" hits="19" branch="false"/>
            <line number="6" hits="19" branch="false"/>
            <line number="7" hits="19" branch="false"/>
            <line number="9" hits="19" branch="false"/>
            <line number="11" hits="19" branch="false"/>
            <line number="13" hits="19" branch="false"/>
            <line number="18" hits="15" branch="false"/>
            <line number="19" hits="7" branch="false"/>
            <line number="33" hits="6" branch="false"/>
            <line number="35" hits="55" branch="false"/>
            <line number="36" hits="9" branch="false"/>
            <line number="37" hits="9" branch="true" condition-coverage="100% (1/1)"/>
            <line number="38" hits="1" branch="false"/>
            <line number="41" hits="8" branch="false"/>
            <line number="42" hits="2" branch="true" condition-coverage="50% (1/2)"/>
            <line number="49" hits="8" branch="false"/>
            <line number="50" hits="8" branch="true" condition-coverage="100% (1/1)"/>
            <line number="51" hits="1" branch="false"/>
            <line number="54" hits="7" branch="false"/>
            <line number="55" hits="7" branch="false"/>
            <line number="57" hits="7" branch="false"/>
          </lines>
        </class>
        <class name="index.ts" filename="src/client/methods/index.ts" line-rate="1" branch-rate="1">
          <methods>
            <method name="(anonymous_1)" hits="55" signature="()V">
              <lines>
                <line number="1" hits="55"/>
              </lines>
            </method>
            <method name="(anonymous_2)" hits="54" signature="()V">
              <lines>
                <line number="2" hits="54"/>
              </lines>
            </method>
            <method name="(anonymous_3)" hits="54" signature="()V">
              <lines>
                <line number="3" hits="54"/>
              </lines>
            </method>
            <method name="(anonymous_4)" hits="54" signature="()V">
              <lines>
                <line number="4" hits="54"/>
              </lines>
            </method>
            <method name="(anonymous_5)" hits="55" signature="()V">
              <lines>
                <line number="6" hits="55"/>
              </lines>
            </method>
            <method name="(anonymous_6)" hits="55" signature="()V">
              <lines>
                <line number="7" hits="55"/>
              </lines>
            </method>
            <method name="(anonymous_7)" hits="57" signature="()V">
              <lines>
                <line number="9" hits="57"/>
              </lines>
            </method>
          </methods>
          <lines>
            <line number="1" hits="73" branch="false"/>
            <line number="2" hits="72" branch="false"/>
            <line number="3" hits="72" branch="false"/>
            <line number="4" hits="72" branch="false"/>
            <line number="6" hits="73" branch="false"/>
            <line number="7" hits="73" branch="false"/>
            <line number="9" hits="75" branch="false"/>
          </lines>
        </class>
        <class name="ping.method.ts" filename="src/client/methods/ping.method.ts" line-rate="1" branch-rate="1">
          <methods>
            <method name="(anonymous_1)" hits="10" signature="()V">
              <lines>
                <line number="13" hits="10"/>
              </lines>
            </method>
            <method name="(anonymous_2)" hits="4" signature="()V">
              <lines>
                <line number="13" hits="4"/>
              </lines>
            </method>
            <method name="(anonymous_3)" hits="47" signature="()V">
              <lines>
                <line number="25" hits="47"/>
              </lines>
            </method>
            <method name="(anonymous_4)" hits="1" signature="()V">
              <lines>
                <line number="25" hits="1"/>
              </lines>
            </method>
          </methods>
          <lines>
            <line number="1" hits="19" branch="false"/>
            <line number="2" hits="19" branch="false"/>
            <line number="4" hits="19" branch="false"/>
            <line number="6" hits="19" branch="false"/>
            <line number="8" hits="19" branch="false"/>
            <line number="13" hits="10" branch="false"/>
            <line number="14" hits="4" branch="false"/>
            <line number="23" hits="3" branch="false"/>
            <line number="25" hits="47" branch="false"/>
          </lines>
        </class>
        <class name="providers.create.method.ts" filename="src/client/methods/providers.create.method.ts" line-rate="1" branch-rate="1">
          <methods>
            <method name="(anonymous_1)" hits="12" signature="()V">
              <lines>
                <line number="13" hits="12"/>
              </lines>
            </method>
            <method name="(anonymous_2)" hits="5" signature="()V">
              <lines>
                <line number="13" hits="5"/>
              </lines>
            </method>
          </methods>
          <lines>
            <line number="1" hits="19" branch="false"/>
            <line number="2" hits="19" branch="false"/>
            <line number="4" hits="19" branch="false"/>
            <line number="6" hits="19" branch="false"/>
            <line number="8" hits="19" branch="false"/>
            <line number="13" hits="12" branch="false"/>
            <line number="14" hits="5" branch="false"/>
            <line number="25" hits="4" branch="false"/>
          </lines>
        </class>
        <class name="providers.delete.method.ts" filename="src/client/methods/providers.delete.method.ts" line-rate="1" branch-rate="1">
          <methods>
            <method name="(anonymous_1)" hits="13" signature="()V">
              <lines>
                <line number="13" hits="13"/>
              </lines>
            </method>
            <method name="(anonymous_2)" hits="6" signature="()V">
              <lines>
                <line number="13" hits="6"/>
              </lines>
            </method>
          </methods>
          <lines>
            <line number="1" hits="19" branch="false"/>
            <line number="2" hits="19" branch="false"/>
            <line number="4" hits="19" branch="false"/>
            <line number="6" hits="19" branch="false"/>
            <line number="8" hits="19" branch="false"/>
            <line number="13" hits="13" branch="false"/>
            <line number="14" hits="6" branch="false"/>
            <line number="25" hits="5" branch="false"/>
          </lines>
        </class>
      </classes>
    </package>
    <package name="client.models" line-rate="1" branch-rate="1">
      <classes>
        <class name="client.ts" filename="src/client/models/client.ts" line-rate="1" branch-rate="1">
          <methods>
            <method name="(anonymous_0)" hits="69" signature="()V">
              <lines>
                <line number="10" hits="69"/>
              </lines>
            </method>
            <method name="(anonymous_1)" hits="3" signature="()V">
              <lines>
                <line number="12" hits="3"/>
              </lines>
            </method>
            <method name="(anonymous_2)" hits="2" signature="()V">
              <lines>
                <line number="16" hits="2"/>
              </lines>
            </method>
            <method name="(anonymous_3)" hits="8" signature="()V">
              <lines>
                <line number="35" hits="8"/>
              </lines>
            </method>
            <method name="(anonymous_4)" hits="3" signature="()V">
              <lines>
                <line number="56" hits="3"/>
              </lines>
            </method>
            <method name="(anonymous_5)" hits="8" signature="()V">
              <lines>
                <line number="62" hits="8"/>
              </lines>
            </method>
            <method name="(anonymous_6)" hits="2" signature="()V">
              <lines>
                <line number="69" hits="2"/>
              </lines>
            </method>
          </methods>
          <lines>
            <line number="7" hits="26" branch="false"/>
            <line number="9" hits="26" branch="false"/>
            <line number="10" hits="69" branch="false"/>
            <line number="13" hits="3" branch="false"/>
            <line number="17" hits="2" branch="false"/>
            <line number="36" hits="8" branch="true" condition-coverage="100% (2/2)"/>
            <line number="57" hits="3" branch="true" condition-coverage="100% (2/2)"/>
            <line number="65" hits="8" branch="false"/>
            <line number="69" hits="2" branch="false"/>
          </lines>
        </class>
        <class name="index.ts" filename="src/client/models/index.ts" line-rate="1" branch-rate="1">
          <methods>
          </methods>
          <lines>
            <line number="1" hits="25" branch="false"/>
            <line number="2" hits="25" branch="false"/>
          </lines>
        </class>
        <class name="method.ts" filename="src/client/models/method.ts" line-rate="1" branch-rate="1">
          <methods>
            <method name="(anonymous_0)" hits="142" signature="()V">
              <lines>
                <line number="23" hits="142"/>
              </lines>
            </method>
            <method name="(anonymous_1)" hits="2" signature="()V">
              <lines>
                <line number="27" hits="2"/>
              </lines>
            </method>
            <method name="(anonymous_2)" hits="1" signature="()V">
              <lines>
                <line number="27" hits="1"/>
              </lines>
            </method>
            <method name="(anonymous_3)" hits="93" signature="()V">
              <lines>
                <line number="28" hits="93"/>
              </lines>
            </method>
            <method name="(anonymous_4)" hits="1" signature="()V">
              <lines>
                <line number="28" hits="1"/>
              </lines>
            </method>
            <method name="(anonymous_5)" hits="233" signature="()V">
              <lines>
                <line number="31" hits="233"/>
              </lines>
            </method>
            <method name="(anonymous_6)" hits="439" signature="()V">
              <lines>
                <line number="39" hits="439"/>
              </lines>
            </method>
            <method name="(anonymous_7)" hits="142" signature="()V">
              <lines>
                <line number="47" hits="142"/>
              </lines>
            </method>
          </methods>
          <lines>
            <line number="6" hits="26" branch="false"/>
            <line number="23" hits="26" branch="false"/>
            <line number="26" hits="142" branch="false"/>
            <line number="27" hits="2" branch="false"/>
            <line number="28" hits="93" branch="false"/>
            <line number="35" hits="233" branch="false"/>
            <line number="36" hits="233" branch="false"/>
            <line number="43" hits="439" branch="false"/>
            <line number="44" hits="439" branch="false"/>
            <line number="48" hits="142" branch="false"/>
          </lines>
        </class>
      </classes>
    </package>
    <package name="config" line-rate="0.8571" branch-rate="0.75">
      <classes>
        <class name="index.ts" filename="src/config/index.ts" line-rate="1" branch-rate="0.5">
          <methods>
          </methods>
          <lines>
            <line number="1" hits="35" branch="false"/>
            <line number="5" hits="35" branch="false"/>
            <line number="6" hits="35" branch="false"/>
            <line number="8" hits="35" branch="false"/>
            <line number="10" hits="35" branch="false"/>
            <line number="12" hits="35" branch="false"/>
          </lines>
        </class>
        <class name="model.ts" filename="src/config/model.ts" line-rate="0.75" branch-rate="1">
          <methods>
            <method name="(anonymous_1)" hits="35" signature="()V">
              <lines>
                <line number="7" hits="35"/>
              </lines>
            </method>
            <method name="(anonymous_2)" hits="62" signature="()V">
              <lines>
                <line number="9" hits="62"/>
              </lines>
            </method>
            <method name="(anonymous_3)" hits="0" signature="()V">
              <lines>
                <line number="13" hits="0"/>
              </lines>
            </method>
            <method name="(anonymous_4)" hits="0" signature="()V">
              <lines>
                <line number="17" hits="0"/>
              </lines>
            </method>
            <method name="(anonymous_5)" hits="0" signature="()V">
              <lines>
                <line number="18" hits="0"/>
              </lines>
            </method>
            <method name="(anonymous_6)" hits="35" signature="()V">
              <lines>
                <line number="21" hits="35"/>
              </lines>
            </method>
          </methods>
          <lines>
            <line number="1" hits="35" branch="false"/>
            <line number="4" hits="35" branch="false"/>
            <line number="5" hits="35" branch="true" condition-coverage="100% (2/2)"/>
            <line number="7" hits="35" branch="false"/>
            <line number="10" hits="62" branch="false"/>
            <line number="14" hits="0" branch="false"/>
            <line number="18" hits="0" branch="false"/>
            <line number="22" hits="35" branch="false"/>
          </lines>
        </class>
      </classes>
    </package>
    <package name="expectations" line-rate="1" branch-rate="1">
      <classes>
        <class name="index.ts" filename="src/expectations/index.ts" line-rate="1" branch-rate="1">
          <methods>
          </methods>
          <lines>
            <line number="1" hits="27" branch="false"/>
            <line number="2" hits="27" branch="false"/>
            <line number="3" hits="27" branch="false"/>
          </lines>
        </class>
        <class name="types.ts" filename="src/expectations/types.ts" line-rate="1" branch-rate="1">
          <methods>
          </methods>
          <lines>
            <line number="24" hits="29" branch="false"/>
            <line number="42" hits="29" branch="false"/>
          </lines>
        </class>
      </classes>
    </package>
    <package name="expectations.__utils__" line-rate="1" branch-rate="1">
      <classes>
        <class name="index.ts" filename="src/expectations/__utils__/index.ts" line-rate="1" branch-rate="1">
          <methods>
            <method name="(anonymous_0)" hits="94" signature="()V">
              <lines>
                <line number="4" hits="94"/>
              </lines>
            </method>
          </methods>
          <lines>
            <line number="2" hits="10" branch="false"/>
            <line number="4" hits="94" branch="false"/>
          </lines>
        </class>
      </classes>
    </package>
    <package name="expectations.models" line-rate="0.922" branch-rate="0.9">
      <classes>
        <class name="expectation.ts" filename="src/expectations/models/expectation.ts" line-rate="0.8076000000000001" branch-rate="0.875">
          <methods>
            <method name="(anonymous_10)" hits="18" signature="()V">
              <lines>
                <line number="75" hits="18"/>
              </lines>
            </method>
            <method name="(anonymous_11)" hits="0" signature="()V">
              <lines>
                <line number="43" hits="0"/>
              </lines>
            </method>
            <method name="(anonymous_12)" hits="0" signature="()V">
              <lines>
                <line number="81" hits="0"/>
              </lines>
            </method>
            <method name="(anonymous_13)" hits="0" signature="()V">
              <lines>
                <line number="85" hits="0"/>
              </lines>
            </method>
            <method name="(anonymous_14)" hits="6" signature="()V">
              <lines>
                <line number="90" hits="6"/>
              </lines>
            </method>
            <method name="(anonymous_15)" hits="11" signature="()V">
              <lines>
                <line number="94" hits="11"/>
              </lines>
            </method>
            <method name="(anonymous_16)" hits="0" signature="()V">
              <lines>
                <line number="117" hits="0"/>
              </lines>
            </method>
            <method name="(anonymous_17)" hits="18" signature="()V">
              <lines>
                <line number="132" hits="18"/>
              </lines>
            </method>
          </methods>
          <lines>
            <line number="1" hits="27" branch="false"/>
            <line number="2" hits="27" branch="false"/>
            <line number="4" hits="27" branch="false"/>
            <line number="7" hits="27" branch="false"/>
            <line number="17" hits="27" branch="false"/>
            <line number="22" hits="27" branch="false"/>
            <line number="31" hits="18" branch="true" condition-coverage="100% (2/2)"/>
            <line number="32" hits="18" branch="true" condition-coverage="100% (2/2)"/>
            <line number="33" hits="18" branch="true" condition-coverage="100% (2/2)"/>
            <line number="35" hits="18" branch="false"/>
            <line number="36" hits="18" branch="false"/>
            <line number="38" hits="18" branch="false"/>
            <line number="39" hits="18" branch="true" condition-coverage="100% (2/2)"/>
            <line number="41" hits="18" branch="true" condition-coverage="100% (2/2)"/>
            <line number="43" hits="0" branch="false"/>
            <line number="45" hits="18" branch="true" condition-coverage="100% (2/2)"/>
            <line number="49" hits="18" branch="true" condition-coverage="100% (2/2)"/>
            <line number="68" hits="18" branch="false"/>
            <line number="76" hits="18" branch="false"/>
            <line number="82" hits="0" branch="false"/>
            <line number="86" hits="0" branch="false"/>
            <line number="87" hits="0" branch="false"/>
            <line number="91" hits="6" branch="false"/>
            <line number="95" hits="11" branch="false"/>
            <line number="118" hits="0" branch="false"/>
            <line number="135" hits="18" branch="false"/>
          </lines>
        </class>
        <class name="index.ts" filename="src/expectations/models/index.ts" line-rate="1" branch-rate="1">
          <methods>
          </methods>
          <lines>
            <line number="1" hits="27" branch="false"/>
            <line number="2" hits="27" branch="false"/>
            <line number="3" hits="27" branch="false"/>
          </lines>
        </class>
        <class name="operator.ts" filename="src/expectations/models/operator.ts" line-rate="1" branch-rate="1">
          <methods>
            <method name="(anonymous_10)" hits="346" signature="()V">
              <lines>
                <line number="33" hits="346"/>
              </lines>
            </method>
            <method name="(anonymous_11)" hits="73" signature="()V">
              <lines>
                <line number="35" hits="73"/>
              </lines>
            </method>
            <method name="(anonymous_12)" hits="62" signature="()V">
              <lines>
                <line number="50" hits="62"/>
              </lines>
            </method>
            <method name="(anonymous_13)" hits="218" signature="()V">
              <lines>
                <line number="58" hits="218"/>
              </lines>
            </method>
            <method name="(anonymous_14)" hits="62" signature="()V">
              <lines>
                <line number="68" hits="62"/>
              </lines>
            </method>
          </methods>
          <lines>
            <line number="1" hits="30" branch="false"/>
            <line number="2" hits="30" branch="false"/>
            <line number="3" hits="30" branch="false"/>
            <line number="5" hits="30" branch="false"/>
            <line number="8" hits="30" branch="false"/>
            <line number="9" hits="30" branch="false"/>
            <line number="19" hits="30" branch="false"/>
            <line number="24" hits="30" branch="false"/>
            <line number="33" hits="346" branch="false"/>
            <line number="39" hits="73" branch="false"/>
            <line number="41" hits="73" branch="true" condition-coverage="100% (1/1)"/>
            <line number="42" hits="41" branch="false"/>
            <line number="44" hits="73" branch="true" condition-coverage="100% (1/1)"/>
            <line number="45" hits="72" branch="false"/>
            <line number="48" hits="73" branch="true" condition-coverage="100% (2/2)"/>
            <line number="50" hits="73" branch="false"/>
            <line number="51" hits="62" branch="false"/>
            <line number="52" hits="62" branch="false"/>
            <line number="54" hits="62" branch="true" condition-coverage="100% (2/2)"/>
            <line number="64" hits="218" branch="false"/>
            <line number="65" hits="218" branch="true" condition-coverage="100% (2/2)"/>
            <line number="72" hits="62" branch="false"/>
            <line number="74" hits="62" branch="true" condition-coverage="100% (1/1)"/>
            <line number="75" hits="2" branch="false"/>
            <line number="78" hits="62" branch="false"/>
          </lines>
        </class>
        <class name="storage.ts" filename="src/expectations/models/storage.ts" line-rate="0.9565" branch-rate="0.8571">
          <methods>
            <method name="(anonymous_0)" hits="63" signature="()V">
              <lines>
                <line number="14" hits="63"/>
              </lines>
            </method>
            <method name="(anonymous_1)" hits="3" signature="()V">
              <lines>
                <line number="19" hits="3"/>
              </lines>
            </method>
            <method name="(anonymous_2)" hits="7" signature="()V">
              <lines>
                <line number="27" hits="7"/>
              </lines>
            </method>
            <method name="(anonymous_3)" hits="6" signature="()V">
              <lines>
                <line number="41" hits="6"/>
              </lines>
            </method>
          </methods>
          <lines>
            <line number="4" hits="27" branch="false"/>
            <line number="5" hits="27" branch="false"/>
            <line number="11" hits="27" branch="false"/>
            <line number="13" hits="27" branch="false"/>
            <line number="14" hits="63" branch="false"/>
            <line number="15" hits="63" branch="false"/>
            <line number="20" hits="3" branch="false"/>
            <line number="21" hits="1" branch="false"/>
            <line number="24" hits="3" branch="false"/>
            <line number="28" hits="7" branch="false"/>
            <line number="29" hits="7" branch="false"/>
            <line number="31" hits="7" branch="true" condition-coverage="100% (1/1)"/>
            <line number="32" hits="1" branch="false"/>
            <line number="35" hits="6" branch="false"/>
            <line number="36" hits="6" branch="false"/>
            <line number="38" hits="6" branch="false"/>
            <line number="42" hits="6" branch="false"/>
            <line number="43" hits="7" branch="true" condition-coverage="0% (0/1)"/>
            <line number="44" hits="0" branch="false"/>
            <line number="47" hits="7" branch="true" condition-coverage="100% (2/2)"/>
            <line number="48" hits="7" branch="true" condition-coverage="100% (3/3)"/>
            <line number="49" hits="3" branch="false"/>
            <line number="53" hits="3" branch="false"/>
          </lines>
        </class>
      </classes>
    </package>
    <package name="expectations.operators" line-rate="0.8993000000000001" branch-rate="0.7062">
      <classes>
        <class name="and.operator.ts" filename="src/expectations/operators/and.operator.ts" line-rate="1" branch-rate="1">
          <methods>
            <method name="(anonymous_0)" hits="17" signature="()V">
              <lines>
                <line number="10" hits="17"/>
              </lines>
            </method>
            <method name="(anonymous_1)" hits="118" signature="()V">
              <lines>
                <line number="19" hits="118"/>
              </lines>
            </method>
            <method name="(anonymous_2)" hits="118" signature="()V">
              <lines>
                <line number="21" hits="118"/>
              </lines>
            </method>
            <method name="(anonymous_3)" hits="10" signature="()V">
              <lines>
                <line number="26" hits="10"/>
              </lines>
            </method>
            <method name="(anonymous_4)" hits="107" signature="()V">
              <lines>
                <line number="27" hits="107"/>
              </lines>
            </method>
            <method name="(anonymous_5)" hits="5" signature="()V">
              <lines>
                <line number="30" hits="5"/>
              </lines>
            </method>
            <method name="(anonymous_6)" hits="2" signature="()V">
              <lines>
                <line number="40" hits="2"/>
              </lines>
            </method>
          </methods>
          <lines>
            <line number="1" hits="28" branch="false"/>
            <line number="2" hits="28" branch="false"/>
            <line number="10" hits="28" branch="false"/>
            <line number="18" hits="17" branch="false"/>
            <line number="19" hits="118" branch="false"/>
            <line number="22" hits="118" branch="false"/>
            <line number="23" hits="118" branch="false"/>
            <line number="27" hits="107" branch="false"/>
            <line number="31" hits="5" branch="false"/>
            <line number="32" hits="6" branch="true" condition-coverage="100% (1/1)"/>
            <line number="33" hits="2" branch="false"/>
            <line number="37" hits="3" branch="false"/>
            <line number="41" hits="2" branch="false"/>
            <line number="42" hits="4" branch="false"/>
            <line number="45" hits="2" branch="false"/>
          </lines>
        </class>
        <class name="exec.operator.ts" filename="src/expectations/operators/exec.operator.ts" line-rate="1" branch-rate="0.5">
          <methods>
            <method name="(anonymous_0)" hits="22" signature="()V">
              <lines>
                <line number="7" hits="22"/>
              </lines>
            </method>
            <method name="(anonymous_1)" hits="12" signature="()V">
              <lines>
                <line number="12" hits="12"/>
              </lines>
            </method>
            <method name="(anonymous_2)" hits="3" signature="()V">
              <lines>
                <line number="16" hits="3"/>
              </lines>
            </method>
            <method name="(anonymous_3)" hits="10" signature="()V">
              <lines>
                <line number="21" hits="10"/>
              </lines>
            </method>
          </methods>
          <lines>
            <line number="4" hits="28" branch="false"/>
            <line number="7" hits="28" branch="false"/>
            <line number="10" hits="22" branch="false"/>
            <line number="13" hits="12" branch="false"/>
            <line number="17" hits="3" branch="false"/>
            <line number="18" hits="3" branch="true" condition-coverage="50% (1/2)"/>
            <line number="22" hits="10" branch="false"/>
            <line number="23" hits="10" branch="false"/>
          </lines>
        </class>
        <class name="has.operator.ts" filename="src/expectations/operators/has.operator.ts" line-rate="0.9057999999999999" branch-rate="0.8523999999999999">
          <methods>
            <method name="(anonymous_1)" hits="191" signature="()V">
              <lines>
                <line number="21" hits="191"/>
              </lines>
            </method>
            <method name="(anonymous_2)" hits="22" signature="()V">
              <lines>
                <line number="63" hits="22"/>
              </lines>
            </method>
            <method name="(anonymous_3)" hits="98" signature="()V">
              <lines>
                <line number="71" hits="98"/>
              </lines>
            </method>
            <method name="(anonymous_4)" hits="8" signature="()V">
              <lines>
                <line number="95" hits="8"/>
              </lines>
            </method>
            <method name="(anonymous_5)" hits="106" signature="()V">
              <lines>
                <line number="101" hits="106"/>
              </lines>
            </method>
            <method name="(anonymous_6)" hits="6" signature="()V">
              <lines>
                <line number="117" hits="6"/>
              </lines>
            </method>
            <method name="(anonymous_7)" hits="2" signature="()V">
              <lines>
                <line number="124" hits="2"/>
              </lines>
            </method>
            <method name="(anonymous_8)" hits="3" signature="()V">
              <lines>
                <line number="131" hits="3"/>
              </lines>
            </method>
            <method name="(anonymous_9)" hits="4" signature="()V">
              <lines>
                <line number="146" hits="4"/>
              </lines>
            </method>
            <method name="(anonymous_10)" hits="3" signature="()V">
              <lines>
                <line number="154" hits="3"/>
              </lines>
            </method>
            <method name="(anonymous_11)" hits="7" signature="()V">
              <lines>
                <line number="181" hits="7"/>
              </lines>
            </method>
            <method name="(anonymous_12)" hits="28" signature="()V">
              <lines>
                <line number="186" hits="28"/>
              </lines>
            </method>
            <method name="(anonymous_13)" hits="4" signature="()V">
              <lines>
                <line number="189" hits="4"/>
              </lines>
            </method>
            <method name="(anonymous_14)" hits="9" signature="()V">
              <lines>
                <line number="189" hits="9"/>
              </lines>
            </method>
            <method name="(anonymous_15)" hits="3" signature="()V">
              <lines>
                <line number="193" hits="3"/>
              </lines>
            </method>
            <method name="(anonymous_16)" hits="2" signature="()V">
              <lines>
                <line number="196" hits="2"/>
              </lines>
            </method>
            <method name="(anonymous_17)" hits="3" signature="()V">
              <lines>
                <line number="196" hits="3"/>
              </lines>
            </method>
            <method name="(anonymous_18)" hits="2" signature="()V">
              <lines>
                <line number="200" hits="2"/>
              </lines>
            </method>
            <method name="(anonymous_19)" hits="3" signature="()V">
              <lines>
                <line number="203" hits="3"/>
              </lines>
            </method>
            <method name="(anonymous_20)" hits="2" signature="()V">
              <lines>
                <line number="207" hits="2"/>
              </lines>
            </method>
            <method name="(anonymous_21)" hits="6" signature="()V">
              <lines>
                <line number="207" hits="6"/>
              </lines>
            </method>
            <method name="(anonymous_22)" hits="1" signature="()V">
              <lines>
                <line number="210" hits="1"/>
              </lines>
            </method>
            <method name="(anonymous_23)" hits="1" signature="()V">
              <lines>
                <line number="210" hits="1"/>
              </lines>
            </method>
            <method name="(anonymous_24)" hits="6" signature="()V">
              <lines>
                <line number="214" hits="6"/>
              </lines>
            </method>
            <method name="(anonymous_25)" hits="6" signature="()V">
              <lines>
                <line number="215" hits="6"/>
              </lines>
            </method>
            <method name="(anonymous_26)" hits="0" signature="()V">
              <lines>
                <line number="225" hits="0"/>
              </lines>
            </method>
          </methods>
          <lines>
            <line number="1" hits="28" branch="false"/>
            <line number="2" hits="28" branch="false"/>
            <line number="5" hits="28" branch="false"/>
            <line number="6" hits="28" branch="false"/>
            <line number="21" hits="28" branch="false"/>
            <line number="57" hits="191" branch="false"/>
            <line number="63" hits="22" branch="false"/>
            <line number="72" hits="98" branch="false"/>
            <line number="73" hits="98" branch="true" condition-coverage="100% (1/1)"/>
            <line number="74" hits="64" branch="false"/>
            <line number="77" hits="34" branch="true" condition-coverage="100% (1/1)"/>
            <line number="78" hits="8" branch="false"/>
            <line number="80" hits="26" branch="true" condition-coverage="100% (1/1)"/>
            <line number="81" hits="6" branch="false"/>
            <line number="84" hits="20" branch="true" condition-coverage="100% (1/1)"/>
            <line number="85" hits="4" branch="false"/>
            <line number="87" hits="16" branch="true" condition-coverage="100% (1/1)"/>
            <line number="88" hits="4" branch="false"/>
            <line number="91" hits="12" branch="true" condition-coverage="100% (1/1)"/>
            <line number="92" hits="4" branch="false"/>
            <line number="94" hits="8" branch="true" condition-coverage="100% (1/1)"/>
            <line number="95" hits="8" branch="false"/>
            <line number="98" hits="4" branch="false"/>
            <line number="102" hits="106" branch="true" condition-coverage="100% (1/1)"/>
            <line number="103" hits="1" branch="false"/>
            <line number="106" hits="105" branch="false"/>
            <line number="107" hits="105" branch="true" condition-coverage="0% (0/1)"/>
            <line number="108" hits="0" branch="false"/>
            <line number="111" hits="105" branch="true" condition-coverage="60% (3/5)"/>
            <line number="113" hits="32" branch="true" condition-coverage="100% (1/1)"/>
            <line number="114" hits="13" branch="false"/>
            <line number="116" hits="19" branch="true" condition-coverage="100% (1/1)"/>
            <line number="117" hits="6" branch="false"/>
            <line number="120" hits="16" branch="true" condition-coverage="100% (1/1)"/>
            <line number="121" hits="9" branch="true" condition-coverage="50% (1/2)"/>
            <line number="123" hits="7" branch="true" condition-coverage="100% (1/1)"/>
            <line number="124" hits="2" branch="true" condition-coverage="50% (1/2)"/>
            <line number="127" hits="6" branch="true" condition-coverage="100% (1/1)"/>
            <line number="128" hits="2" branch="true" condition-coverage="50% (1/2)"/>
            <line number="130" hits="4" branch="true" condition-coverage="100% (1/1)"/>
            <line number="131" hits="3" branch="true" condition-coverage="50% (1/2)"/>
            <line number="134" hits="2" branch="true" condition-coverage="100% (1/1)"/>
            <line number="135" hits="2" branch="false"/>
            <line number="138" hits="0" branch="false"/>
            <line number="142" hits="13" branch="true" condition-coverage="100% (1/1)"/>
            <line number="143" hits="2" branch="false"/>
            <line number="145" hits="11" branch="true" condition-coverage="100% (1/1)"/>
            <line number="146" hits="4" branch="false"/>
            <line number="149" hits="9" branch="true" condition-coverage="100% (1/1)"/>
            <line number="150" hits="2" branch="false"/>
            <line number="152" hits="7" branch="true" condition-coverage="100% (1/1)"/>
            <line number="153" hits="2" branch="false"/>
            <line number="154" hits="3" branch="false"/>
            <line number="157" hits="5" branch="true" condition-coverage="100% (1/1)"/>
            <line number="158" hits="5" branch="false"/>
            <line number="161" hits="0" branch="false"/>
            <line number="165" hits="0" branch="true" condition-coverage="0% (0/1)"/>
            <line number="166" hits="0" branch="false"/>
            <line number="169" hits="0" branch="false"/>
            <line number="173" hits="60" branch="true" condition-coverage="100% (3/3)"/>
            <line number="174" hits="6" branch="false"/>
            <line number="177" hits="54" branch="true" condition-coverage="50% (1/2)"/>
            <line number="181" hits="7" branch="false"/>
            <line number="185" hits="54" branch="true" condition-coverage="100% (1/1)"/>
            <line number="186" hits="28" branch="false"/>
            <line number="188" hits="26" branch="true" condition-coverage="100% (1/1)"/>
            <line number="189" hits="9" branch="false"/>
            <line number="192" hits="22" branch="true" condition-coverage="100% (1/1)"/>
            <line number="193" hits="3" branch="false"/>
            <line number="195" hits="19" branch="true" condition-coverage="100% (1/1)"/>
            <line number="196" hits="3" branch="false"/>
            <line number="199" hits="17" branch="true" condition-coverage="100% (1/1)"/>
            <line number="200" hits="2" branch="false"/>
            <line number="202" hits="15" branch="true" condition-coverage="100% (1/1)"/>
            <line number="203" hits="3" branch="false"/>
            <line number="206" hits="12" branch="true" condition-coverage="100% (1/1)"/>
            <line number="207" hits="6" branch="false"/>
            <line number="209" hits="10" branch="true" condition-coverage="100% (1/1)"/>
            <line number="210" hits="1" branch="false"/>
            <line number="213" hits="9" branch="true" condition-coverage="100% (1/1)"/>
            <line number="214" hits="6" branch="false"/>
            <line number="215" hits="6" branch="false"/>
            <line number="218" hits="3" branch="false"/>
            <line number="221" hits="0" branch="false"/>
            <line number="226" hits="0" branch="false"/>
          </lines>
        </class>
        <class name="if.operator.ts" filename="src/expectations/operators/if.operator.ts" line-rate="0.8845999999999999" branch-rate="0.5652">
          <methods>
            <method name="(anonymous_0)" hits="11" signature="()V">
              <lines>
                <line number="10" hits="11"/>
              </lines>
            </method>
            <method name="(anonymous_1)" hits="11" signature="()V">
              <lines>
                <line number="24" hits="11"/>
              </lines>
            </method>
            <method name="(anonymous_2)" hits="5" signature="()V">
              <lines>
                <line number="35" hits="5"/>
              </lines>
            </method>
            <method name="(anonymous_3)" hits="3" signature="()V">
              <lines>
                <line number="47" hits="3"/>
              </lines>
            </method>
            <method name="(anonymous_4)" hits="0" signature="()V">
              <lines>
                <line number="59" hits="0"/>
              </lines>
            </method>
            <method name="(anonymous_5)" hits="10" signature="()V">
              <lines>
                <line number="67" hits="10"/>
              </lines>
            </method>
            <method name="(anonymous_6)" hits="1" signature="()V">
              <lines>
                <line number="76" hits="1"/>
              </lines>
            </method>
          </methods>
          <lines>
            <line number="1" hits="28" branch="false"/>
            <line number="2" hits="28" branch="false"/>
            <line number="10" hits="28" branch="false"/>
            <line number="23" hits="11" branch="false"/>
            <line number="25" hits="11" branch="false"/>
            <line number="26" hits="11" branch="true" condition-coverage="100% (1/1)"/>
            <line number="27" hits="3" branch="false"/>
            <line number="30" hits="8" branch="false"/>
            <line number="31" hits="8" branch="false"/>
            <line number="36" hits="5" branch="false"/>
            <line number="37" hits="5" branch="true" condition-coverage="0% (0/1)"/>
            <line number="38" hits="0" branch="false"/>
            <line number="41" hits="5" branch="false"/>
            <line number="42" hits="5" branch="false"/>
            <line number="48" hits="3" branch="false"/>
            <line number="49" hits="3" branch="true" condition-coverage="0% (0/1)"/>
            <line number="50" hits="0" branch="false"/>
            <line number="53" hits="3" branch="false"/>
            <line number="54" hits="3" branch="false"/>
            <line number="60" hits="0" branch="false"/>
            <line number="68" hits="10" branch="true" condition-coverage="100% (2/2)"/>
            <line number="69" hits="10" branch="true" condition-coverage="100% (2/2)"/>
            <line number="73" hits="10" branch="true" condition-coverage="100% (2/2)"/>
            <line number="77" hits="1" branch="true" condition-coverage="50% (1/2)"/>
            <line number="79" hits="1" branch="true" condition-coverage="50% (1/2)"/>
            <line number="83" hits="1" branch="false"/>
          </lines>
        </class>
        <class name="index.ts" filename="src/expectations/operators/index.ts" line-rate="1" branch-rate="1">
          <methods>
            <method name="(anonymous_1)" hits="17" signature="()V">
              <lines>
                <line number="1" hits="17"/>
              </lines>
            </method>
            <method name="(anonymous_2)" hits="12" signature="()V">
              <lines>
                <line number="2" hits="12"/>
              </lines>
            </method>
            <method name="(anonymous_3)" hits="1" signature="()V">
              <lines>
                <line number="3" hits="1"/>
              </lines>
            </method>
            <method name="(anonymous_4)" hits="11" signature="()V">
              <lines>
                <line number="4" hits="11"/>
              </lines>
            </method>
            <method name="(anonymous_5)" hits="191" signature="()V">
              <lines>
                <line number="5" hits="191"/>
              </lines>
            </method>
            <method name="(anonymous_6)" hits="30" signature="()V">
              <lines>
                <line number="6" hits="30"/>
              </lines>
            </method>
            <method name="(anonymous_7)" hits="6" signature="()V">
              <lines>
                <line number="7" hits="6"/>
              </lines>
            </method>
            <method name="(anonymous_8)" hits="6" signature="()V">
              <lines>
                <line number="8" hits="6"/>
              </lines>
            </method>
            <method name="(anonymous_9)" hits="22" signature="()V">
              <lines>
                <line number="9" hits="22"/>
              </lines>
            </method>
            <method name="(anonymous_10)" hits="14" signature="()V">
              <lines>
                <line number="10" hits="14"/>
              </lines>
            </method>
            <method name="(anonymous_11)" hits="20" signature="()V">
              <lines>
                <line number="11" hits="20"/>
              </lines>
            </method>
          </methods>
          <lines>
            <line number="1" hits="45" branch="false"/>
            <line number="2" hits="40" branch="false"/>
            <line number="3" hits="29" branch="false"/>
            <line number="4" hits="39" branch="false"/>
            <line number="5" hits="219" branch="false"/>
            <line number="6" hits="58" branch="false"/>
            <line number="7" hits="34" branch="false"/>
            <line number="8" hits="34" branch="false"/>
            <line number="9" hits="50" branch="false"/>
            <line number="10" hits="42" branch="false"/>
            <line number="11" hits="48" branch="false"/>
          </lines>
        </class>
        <class name="merge.operator.ts" filename="src/expectations/operators/merge.operator.ts" line-rate="0.8965000000000001" branch-rate="0.619">
          <methods>
            <method name="(anonymous_1)" hits="6" signature="()V">
              <lines>
                <line number="16" hits="6"/>
              </lines>
            </method>
            <method name="(anonymous_2)" hits="2" signature="()V">
              <lines>
                <line number="43" hits="2"/>
              </lines>
            </method>
            <method name="(anonymous_3)" hits="0" signature="()V">
              <lines>
                <line number="47" hits="0"/>
              </lines>
            </method>
            <method name="(anonymous_4)" hits="4" signature="()V">
              <lines>
                <line number="51" hits="4"/>
              </lines>
            </method>
            <method name="(anonymous_5)" hits="0" signature="()V">
              <lines>
                <line number="66" hits="0"/>
              </lines>
            </method>
            <method name="(anonymous_6)" hits="1" signature="()V">
              <lines>
                <line number="84" hits="1"/>
              </lines>
            </method>
            <method name="(anonymous_7)" hits="0" signature="()V">
              <lines>
                <line number="98" hits="0"/>
              </lines>
            </method>
          </methods>
          <lines>
            <line number="1" hits="28" branch="false"/>
            <line number="2" hits="28" branch="false"/>
            <line number="4" hits="28" branch="false"/>
            <line number="5" hits="28" branch="false"/>
            <line number="16" hits="28" branch="false"/>
            <line number="37" hits="6" branch="false"/>
            <line number="44" hits="2" branch="false"/>
            <line number="48" hits="0" branch="false"/>
            <line number="52" hits="4" branch="false"/>
            <line number="53" hits="4" branch="true" condition-coverage="100% (3/3)"/>
            <line number="54" hits="1" branch="false"/>
            <line number="57" hits="3" branch="true" condition-coverage="100% (1/1)"/>
            <line number="58" hits="1" branch="false"/>
            <line number="59" hits="1" branch="true" condition-coverage="50% (1/2)"/>
            <line number="63" hits="1" branch="false"/>
            <line number="66" hits="0" branch="false"/>
            <line number="69" hits="1" branch="false"/>
            <line number="72" hits="2" branch="true" condition-coverage="100% (1/1)"/>
            <line number="73" hits="1" branch="true" condition-coverage="50% (1/2)"/>
            <line number="75" hits="1" branch="false"/>
            <line number="76" hits="2" branch="false"/>
            <line number="77" hits="2" branch="true" condition-coverage="50% (1/2)"/>
            <line number="81" hits="2" branch="false"/>
            <line number="84" hits="1" branch="false"/>
            <line number="88" hits="1" branch="false"/>
            <line number="91" hits="1" branch="true" condition-coverage="50% (1/2)"/>
            <line number="95" hits="1" branch="false"/>
            <line number="98" hits="0" branch="false"/>
            <line number="101" hits="1" branch="false"/>
          </lines>
        </class>
        <class name="not.operator.ts" filename="src/expectations/operators/not.operator.ts" line-rate="0.7272" branch-rate="0.3333">
          <methods>
            <method name="(anonymous_0)" hits="1" signature="()V">
              <lines>
                <line number="9" hits="1"/>
              </lines>
            </method>
            <method name="(anonymous_1)" hits="1" signature="()V">
              <lines>
                <line number="17" hits="1"/>
              </lines>
            </method>
            <method name="(anonymous_2)" hits="0" signature="()V">
              <lines>
                <line number="27" hits="0"/>
              </lines>
            </method>
            <method name="(anonymous_3)" hits="1" signature="()V">
              <lines>
                <line number="31" hits="1"/>
              </lines>
            </method>
            <method name="(anonymous_4)" hits="0" signature="()V">
              <lines>
                <line number="35" hits="0"/>
              </lines>
            </method>
          </methods>
          <lines>
            <line number="1" hits="28" branch="false"/>
            <line number="9" hits="28" branch="false"/>
            <line number="17" hits="1" branch="false"/>
            <line number="18" hits="1" branch="false"/>
            <line number="19" hits="1" branch="true" condition-coverage="0% (0/1)"/>
            <line number="20" hits="0" branch="false"/>
            <line number="23" hits="1" branch="false"/>
            <line number="24" hits="1" branch="false"/>
            <line number="28" hits="0" branch="false"/>
            <line number="32" hits="1" branch="true" condition-coverage="50% (1/2)"/>
            <line number="36" hits="0" branch="false"/>
          </lines>
        </class>
        <class name="or.operator.ts" filename="src/expectations/operators/or.operator.ts" line-rate="1" branch-rate="1">
          <methods>
            <method name="(anonymous_0)" hits="12" signature="()V">
              <lines>
                <line number="10" hits="12"/>
              </lines>
            </method>
            <method name="(anonymous_1)" hits="27" signature="()V">
              <lines>
                <line number="19" hits="27"/>
              </lines>
            </method>
            <method name="(anonymous_2)" hits="27" signature="()V">
              <lines>
                <line number="21" hits="27"/>
              </lines>
            </method>
            <method name="(anonymous_3)" hits="2" signature="()V">
              <lines>
                <line number="26" hits="2"/>
              </lines>
            </method>
            <method name="(anonymous_4)" hits="7" signature="()V">
              <lines>
                <line number="27" hits="7"/>
              </lines>
            </method>
            <method name="(anonymous_5)" hits="9" signature="()V">
              <lines>
                <line number="30" hits="9"/>
              </lines>
            </method>
            <method name="(anonymous_6)" hits="1" signature="()V">
              <lines>
                <line number="40" hits="1"/>
              </lines>
            </method>
          </methods>
          <lines>
            <line number="1" hits="28" branch="false"/>
            <line number="2" hits="28" branch="false"/>
            <line number="10" hits="28" branch="false"/>
            <line number="18" hits="12" branch="false"/>
            <line number="19" hits="27" branch="false"/>
            <line number="22" hits="27" branch="false"/>
            <line number="23" hits="27" branch="false"/>
            <line number="27" hits="7" branch="false"/>
            <line number="31" hits="9" branch="false"/>
            <line number="32" hits="16" branch="true" condition-coverage="100% (1/1)"/>
            <line number="33" hits="6" branch="false"/>
            <line number="37" hits="3" branch="false"/>
            <line number="41" hits="1" branch="false"/>
            <line number="42" hits="2" branch="false"/>
            <line number="45" hits="1" branch="false"/>
          </lines>
        </class>
        <class name="remove.operator.ts" filename="src/expectations/operators/remove.operator.ts" line-rate="0.9444" branch-rate="1">
          <methods>
            <method name="(anonymous_1)" hits="2" signature="()V">
              <lines>
                <line number="21" hits="2"/>
              </lines>
            </method>
            <method name="(anonymous_2)" hits="0" signature="()V">
              <lines>
                <line number="25" hits="0"/>
              </lines>
            </method>
            <method name="(anonymous_3)" hits="4" signature="()V">
              <lines>
                <line number="29" hits="4"/>
              </lines>
            </method>
            <method name="(anonymous_4)" hits="2" signature="()V">
              <lines>
                <line number="42" hits="2"/>
              </lines>
            </method>
          </methods>
          <lines>
            <line number="1" hits="28" branch="false"/>
            <line number="4" hits="28" branch="false"/>
            <line number="5" hits="28" branch="false"/>
            <line number="7" hits="28" branch="false"/>
            <line number="22" hits="2" branch="false"/>
            <line number="26" hits="0" branch="false"/>
            <line number="30" hits="4" branch="false"/>
            <line number="31" hits="4" branch="true" condition-coverage="100% (1/1)"/>
            <line number="32" hits="1" branch="false"/>
            <line number="35" hits="3" branch="true" condition-coverage="100% (1/1)"/>
            <line number="36" hits="1" branch="false"/>
            <line number="37" hits="1" branch="false"/>
            <line number="40" hits="2" branch="true" condition-coverage="100% (3/3)"/>
            <line number="41" hits="1" branch="false"/>
            <line number="42" hits="2" branch="false"/>
            <line number="44" hits="1" branch="false"/>
            <line number="47" hits="1" branch="false"/>
            <line number="48" hits="1" branch="false"/>
          </lines>
        </class>
        <class name="root.operator.ts" filename="src/expectations/operators/root.operator.ts" line-rate="0.7894" branch-rate="0.6363">
          <methods>
            <method name="(anonymous_0)" hits="23" signature="()V">
              <lines>
                <line number="12" hits="23"/>
              </lines>
            </method>
            <method name="(anonymous_1)" hits="23" signature="()V">
              <lines>
                <line number="20" hits="23"/>
              </lines>
            </method>
            <method name="(anonymous_2)" hits="21" signature="()V">
              <lines>
                <line number="30" hits="21"/>
              </lines>
            </method>
            <method name="(anonymous_3)" hits="7" signature="()V">
              <lines>
                <line number="34" hits="7"/>
              </lines>
            </method>
            <method name="(anonymous_4)" hits="1" signature="()V">
              <lines>
                <line number="43" hits="1"/>
              </lines>
            </method>
          </methods>
          <lines>
            <line number="1" hits="29" branch="false"/>
            <line number="2" hits="29" branch="false"/>
            <line number="10" hits="29" branch="false"/>
            <line number="12" hits="29" branch="false"/>
            <line number="20" hits="23" branch="false"/>
            <line number="21" hits="23" branch="false"/>
            <line number="22" hits="23" branch="true" condition-coverage="100% (1/1)"/>
            <line number="23" hits="3" branch="false"/>
            <line number="26" hits="20" branch="false"/>
            <line number="27" hits="20" branch="false"/>
            <line number="31" hits="21" branch="true" condition-coverage="100% (2/2)"/>
            <line number="35" hits="7" branch="false"/>
            <line number="36" hits="7" branch="true" condition-coverage="100% (2/2)"/>
            <line number="38" hits="0" branch="true" condition-coverage="0% (0/2)"/>
            <line number="39" hits="0" branch="false"/>
            <line number="44" hits="1" branch="false"/>
            <line number="45" hits="1" branch="true" condition-coverage="100% (2/2)"/>
            <line number="47" hits="0" branch="true" condition-coverage="0% (0/2)"/>
            <line number="48" hits="0" branch="false"/>
          </lines>
        </class>
        <class name="set.operator.ts" filename="src/expectations/operators/set.operator.ts" line-rate="0.8571" branch-rate="0.68">
          <methods>
            <method name="(anonymous_1)" hits="30" signature="()V">
              <lines>
                <line number="15" hits="30"/>
              </lines>
            </method>
            <method name="(anonymous_2)" hits="10" signature="()V">
              <lines>
                <line number="42" hits="10"/>
              </lines>
            </method>
            <method name="(anonymous_3)" hits="0" signature="()V">
              <lines>
                <line number="53" hits="0"/>
              </lines>
            </method>
            <method name="(anonymous_4)" hits="20" signature="()V">
              <lines>
                <line number="57" hits="20"/>
              </lines>
            </method>
          </methods>
          <lines>
            <line number="1" hits="28" branch="false"/>
            <line number="3" hits="28" branch="false"/>
            <line number="4" hits="28" branch="false"/>
            <line number="15" hits="28" branch="false"/>
            <line number="36" hits="30" branch="false"/>
            <line number="43" hits="10" branch="false"/>
            <line number="44" hits="10" branch="true" condition-coverage="100% (1/1)"/>
            <line number="45" hits="10" branch="false"/>
            <line number="48" hits="0" branch="true" condition-coverage="0% (0/2)"/>
            <line number="54" hits="0" branch="false"/>
            <line number="58" hits="20" branch="false"/>
            <line number="59" hits="20" branch="true" condition-coverage="0% (0/1)"/>
            <line number="60" hits="0" branch="false"/>
            <line number="63" hits="20" branch="true" condition-coverage="80% (4/5)"/>
            <line number="67" hits="1" branch="false"/>
            <line number="75" hits="1" branch="false"/>
            <line number="79" hits="19" branch="true" condition-coverage="100% (1/1)"/>
            <line number="80" hits="17" branch="false"/>
            <line number="88" hits="17" branch="false"/>
            <line number="91" hits="2" branch="true" condition-coverage="100% (3/3)"/>
            <line number="92" hits="1" branch="true" condition-coverage="50% (1/2)"/>
            <line number="94" hits="1" branch="false"/>
            <line number="95" hits="2" branch="true" condition-coverage="50% (1/2)"/>
            <line number="99" hits="2" branch="false"/>
            <line number="102" hits="1" branch="false"/>
            <line number="105" hits="1" branch="false"/>
            <line number="113" hits="1" branch="false"/>
            <line number="116" hits="0" branch="false"/>
          </lines>
        </class>
        <class name="switch.operator.ts" filename="src/expectations/operators/switch.operator.ts" line-rate="0.8787" branch-rate="0.5832999999999999">
          <methods>
            <method name="(anonymous_1)" hits="14" signature="()V">
              <lines>
                <line number="15" hits="14"/>
              </lines>
            </method>
            <method name="(anonymous_2)" hits="20" signature="()V">
              <lines>
                <line number="49" hits="20"/>
              </lines>
            </method>
            <method name="(anonymous_3)" hits="8" signature="()V">
              <lines>
                <line number="60" hits="8"/>
              </lines>
            </method>
            <method name="(anonymous_4)" hits="8" signature="()V">
              <lines>
                <line number="76" hits="8"/>
              </lines>
            </method>
            <method name="(anonymous_5)" hits="8" signature="()V">
              <lines>
                <line number="83" hits="8"/>
              </lines>
            </method>
            <method name="(anonymous_6)" hits="18" signature="()V">
              <lines>
                <line number="87" hits="18"/>
              </lines>
            </method>
            <method name="(anonymous_7)" hits="12" signature="()V">
              <lines>
                <line number="92" hits="12"/>
              </lines>
            </method>
            <method name="(anonymous_8)" hits="30" signature="()V">
              <lines>
                <line number="99" hits="30"/>
              </lines>
            </method>
            <method name="(anonymous_9)" hits="30" signature="()V">
              <lines>
                <line number="108" hits="30"/>
              </lines>
            </method>
          </methods>
          <lines>
            <line number="1" hits="28" branch="false"/>
            <line number="3" hits="28" branch="false"/>
            <line number="4" hits="28" branch="false"/>
            <line number="15" hits="28" branch="false"/>
[...]
          <lines>
            <line number="1" hits="17" branch="false"/>
          </lines>
        </class>
        <class name="websocket-connection.error.ts" filename="src/server/models/websocket/errors/websocket-connection.error.ts" line-rate="1" branch-rate="0.5384">
          <methods>
            <method name="(anonymous_1)" hits="7" signature="()V">
              <lines>
                <line number="7" hits="7"/>
              </lines>
            </method>
            <method name="(anonymous_2)" hits="7" signature="()V">
              <lines>
                <line number="23" hits="7"/>
              </lines>
            </method>
          </methods>
          <lines>
            <line number="1" hits="17" branch="false"/>
            <line number="4" hits="17" branch="false"/>
            <line number="5" hits="7" branch="false"/>
            <line number="8" hits="7" branch="false"/>
            <line number="9" hits="7" branch="false"/>
            <line number="11" hits="7" branch="false"/>
            <line number="12" hits="7" branch="false"/>
            <line number="14" hits="7" branch="false"/>
            <line number="20" hits="7" branch="false"/>
            <line number="24" hits="7" branch="true" condition-coverage="100% (2/2)"/>
            <line number="30" hits="7" branch="true" condition-coverage="50% (1/2)"/>
          </lines>
        </class>
      </classes>
    </package>
    <package name="server.services" line-rate="0.86" branch-rate="0.5416">
      <classes>
        <class name="metrics.service.ts" filename="src/server/services/metrics.service.ts" line-rate="1" branch-rate="1">
          <methods>
            <method name="(anonymous_1)" hits="3" signature="()V">
              <lines>
                <line number="21" hits="3"/>
              </lines>
            </method>
            <method name="(anonymous_2)" hits="4" signature="()V">
              <lines>
                <line number="25" hits="4"/>
              </lines>
            </method>
            <method name="(anonymous_3)" hits="1" signature="()V">
              <lines>
                <line number="43" hits="1"/>
              </lines>
            </method>
          </methods>
          <lines>
            <line number="1" hits="1" branch="false"/>
            <line number="3" hits="1" branch="false"/>
            <line number="4" hits="1" branch="false"/>
            <line number="11" hits="1" branch="false"/>
            <line number="12" hits="3" branch="true" condition-coverage="100% (2/2)"/>
            <line number="14" hits="3" branch="false"/>
            <line number="21" hits="3" branch="false"/>
            <line number="22" hits="3" branch="false"/>
            <line number="29" hits="4" branch="true" condition-coverage="100% (1/1)"/>
            <line number="30" hits="1" branch="false"/>
            <line number="33" hits="3" branch="false"/>
            <line number="34" hits="3" branch="false"/>
            <line number="36" hits="3" branch="false"/>
            <line number="37" hits="3" branch="false"/>
            <line number="39" hits="3" branch="false"/>
            <line number="40" hits="3" branch="false"/>
            <line number="44" hits="1" branch="false"/>
          </lines>
        </class>
        <class name="redis.service.ts" filename="src/server/services/redis.service.ts" line-rate="0.7878000000000001" branch-rate="0.47609999999999997">
          <methods>
            <method name="(anonymous_1)" hits="5" signature="()V">
              <lines>
                <line number="18" hits="5"/>
              </lines>
            </method>
            <method name="(anonymous_2)" hits="0" signature="()V">
              <lines>
                <line number="43" hits="0"/>
              </lines>
            </method>
            <method name="(anonymous_3)" hits="0" signature="()V">
              <lines>
                <line number="43" hits="0"/>
              </lines>
            </method>
            <method name="(anonymous_4)" hits="1" signature="()V">
              <lines>
                <line number="44" hits="1"/>
              </lines>
            </method>
            <method name="(anonymous_5)" hits="0" signature="()V">
              <lines>
                <line number="51" hits="0"/>
              </lines>
            </method>
            <method name="(anonymous_6)" hits="0" signature="()V">
              <lines>
                <line number="51" hits="0"/>
              </lines>
            </method>
            <method name="(anonymous_7)" hits="0" signature="()V">
              <lines>
                <line number="52" hits="0"/>
              </lines>
            </method>
            <method name="(anonymous_8)" hits="4" signature="()V">
              <lines>
                <line number="60" hits="4"/>
              </lines>
            </method>
            <method name="(anonymous_9)" hits="0" signature="()V">
              <lines>
                <line number="69" hits="0"/>
              </lines>
            </method>
            <method name="(anonymous_10)" hits="2" signature="()V">
              <lines>
                <line number="81" hits="2"/>
              </lines>
            </method>
          </methods>
          <lines>
            <line number="1" hits="1" branch="false"/>
            <line number="4" hits="1" branch="false"/>
            <line number="5" hits="1" branch="false"/>
            <line number="6" hits="1" branch="false"/>
            <line number="8" hits="1" branch="false"/>
            <line number="15" hits="1" branch="false"/>
            <line number="17" hits="1" branch="false"/>
            <line number="25" hits="5" branch="true" condition-coverage="100% (1/1)"/>
            <line number="26" hits="4" branch="false"/>
            <line number="29" hits="1" branch="true" condition-coverage="50% (2/4)"/>
            <line number="33" hits="1" branch="true" condition-coverage="100% (2/2)"/>
            <line number="38" hits="1" branch="false"/>
            <line number="39" hits="1" branch="false"/>
            <line number="43" hits="1" branch="false"/>
            <line number="44" hits="1" branch="false"/>
            <line number="45" hits="1" branch="true" condition-coverage="50% (1/2)"/>
            <line number="46" hits="1" branch="false"/>
            <line number="48" hits="1" branch="false"/>
            <line number="51" hits="1" branch="false"/>
            <line number="52" hits="0" branch="true" condition-coverage="0% (0/2)"/>
            <line number="57" hits="1" branch="false"/>
            <line number="61" hits="4" branch="true" condition-coverage="100% (1/1)"/>
            <line number="62" hits="3" branch="false"/>
            <line number="65" hits="1" branch="false"/>
            <line number="66" hits="1" branch="false"/>
            <line number="68" hits="1" branch="false"/>
            <line number="69" hits="0" branch="false"/>
            <line number="70" hits="0" branch="true" condition-coverage="0% (0/2)"/>
            <line number="71" hits="0" branch="false"/>
            <line number="74" hits="0" branch="false"/>
            <line number="75" hits="0" branch="false"/>
            <line number="78" hits="0" branch="false"/>
            <line number="82" hits="2" branch="false"/>
          </lines>
        </class>
      </classes>
    </package>
    <package name="server.utils" line-rate="1" branch-rate="0.9354">
      <classes>
        <class name="index.ts" filename="src/server/utils/index.ts" line-rate="1" branch-rate="0.9047">
          <methods>
            <method name="(anonymous_5)" hits="13" signature="()V">
              <lines>
                <line number="15" hits="13"/>
              </lines>
            </method>
            <method name="(anonymous_6)" hits="8" signature="()V">
              <lines>
                <line number="57" hits="8"/>
              </lines>
            </method>
          </methods>
          <lines>
            <line number="1" hits="22" branch="false"/>
            <line number="3" hits="22" branch="false"/>
            <line number="6" hits="22" branch="false"/>
            <line number="8" hits="22" branch="false"/>
            <line number="9" hits="22" branch="false"/>
            <line number="11" hits="22" branch="false"/>
            <line number="12" hits="22" branch="false"/>
            <line number="15" hits="22" branch="false"/>
            <line number="19" hits="13" branch="true" condition-coverage="100% (3/3)"/>
            <line number="20" hits="9" branch="true" condition-coverage="100% (1/1)"/>
            <line number="21" hits="2" branch="false"/>
            <line number="27" hits="7" branch="false"/>
            <line number="28" hits="7" branch="false"/>
            <line number="30" hits="7" branch="true" condition-coverage="100% (1/1)"/>
            <line number="31" hits="4" branch="false"/>
            <line number="37" hits="3" branch="false"/>
            <line number="43" hits="4" branch="true" condition-coverage="100% (1/1)"/>
            <line number="44" hits="1" branch="false"/>
            <line number="50" hits="3" branch="false"/>
            <line number="57" hits="22" branch="false"/>
            <line number="58" hits="8" branch="true" condition-coverage="100% (3/3)"/>
            <line number="59" hits="3" branch="true" condition-coverage="100% (2/2)"/>
            <line number="61" hits="3" branch="true" condition-coverage="100% (2/2)"/>
            <line number="62" hits="2" branch="true" condition-coverage="75% (3/4)"/>
          </lines>
        </class>
        <class name="rx.ts" filename="src/server/utils/rx.ts" line-rate="1" branch-rate="1">
          <methods>
            <method name="(anonymous_0)" hits="12" signature="()V">
              <lines>
                <line number="4" hits="12"/>
              </lines>
            </method>
            <method name="(anonymous_1)" hits="10" signature="()V">
              <lines>
                <line number="6" hits="10"/>
              </lines>
            </method>
            <method name="(anonymous_2)" hits="6" signature="()V">
              <lines>
                <line number="13" hits="6"/>
              </lines>
            </method>
            <method name="(anonymous_3)" hits="4" signature="()V">
              <lines>
                <line number="14" hits="4"/>
              </lines>
            </method>
            <method name="(anonymous_4)" hits="8" signature="()V">
              <lines>
                <line number="15" hits="8"/>
              </lines>
            </method>
            <method name="(anonymous_5)" hits="16" signature="()V">
              <lines>
                <line number="18" hits="16"/>
              </lines>
            </method>
            <method name="(anonymous_6)" hits="5" signature="()V">
              <lines>
                <line number="29" hits="5"/>
              </lines>
            </method>
            <method name="(anonymous_7)" hits="4" signature="()V">
              <lines>
                <line number="30" hits="4"/>
              </lines>
            </method>
            <method name="(anonymous_8)" hits="1" signature="()V">
              <lines>
                <line number="31" hits="1"/>
              </lines>
            </method>
            <method name="(anonymous_9)" hits="3" signature="()V">
              <lines>
                <line number="32" hits="3"/>
              </lines>
            </method>
            <method name="(anonymous_10)" hits="12" signature="()V">
              <lines>
                <line number="39" hits="12"/>
              </lines>
            </method>
            <method name="(anonymous_11)" hits="3" signature="()V">
              <lines>
                <line number="43" hits="3"/>
              </lines>
            </method>
          </methods>
          <lines>
            <line number="3" hits="23" branch="false"/>
            <line number="4" hits="12" branch="false"/>
            <line number="7" hits="10" branch="false"/>
            <line number="9" hits="10" branch="false"/>
            <line number="10" hits="10" branch="false"/>
            <line number="12" hits="10" branch="false"/>
            <line number="13" hits="6" branch="false"/>
            <line number="14" hits="4" branch="false"/>
            <line number="15" hits="8" branch="false"/>
            <line number="18" hits="10" branch="false"/>
            <line number="19" hits="16" branch="true" condition-coverage="100% (1/1)"/>
            <line number="20" hits="3" branch="false"/>
            <line number="22" hits="13" branch="true" condition-coverage="100% (1/1)"/>
            <line number="23" hits="5" branch="false"/>
            <line number="25" hits="8" branch="true" condition-coverage="100% (1/1)"/>
            <line number="26" hits="3" branch="false"/>
            <line number="29" hits="5" branch="false"/>
            <line number="30" hits="4" branch="false"/>
            <line number="31" hits="1" branch="false"/>
            <line number="32" hits="3" branch="false"/>
            <line number="35" hits="4" branch="false"/>
            <line number="38" hits="10" branch="false"/>
            <line number="39" hits="12" branch="false"/>
            <line number="44" hits="3" branch="false"/>
          </lines>
        </class>
        <class name="validation.ts" filename="src/server/utils/validation.ts" line-rate="1" branch-rate="1">
          <methods>
            <method name="(anonymous_0)" hits="6" signature="()V">
              <lines>
                <line number="13" hits="6"/>
              </lines>
            </method>
            <method name="(anonymous_1)" hits="15" signature="()V">
              <lines>
                <line number="19" hits="15"/>
              </lines>
            </method>
            <method name="(anonymous_2)" hits="5" signature="()V">
              <lines>
                <line number="22" hits="5"/>
              </lines>
            </method>
            <method name="(anonymous_3)" hits="7" signature="()V">
              <lines>
                <line number="27" hits="7"/>
              </lines>
            </method>
            <method name="(anonymous_4)" hits="7" signature="()V">
              <lines>
                <line number="27" hits="7"/>
              </lines>
            </method>
          </methods>
          <lines>
            <line number="1" hits="23" branch="false"/>
            <line number="2" hits="23" branch="false"/>
            <line number="11" hits="23" branch="false"/>
            <line number="13" hits="23" branch="false"/>
            <line number="18" hits="23" branch="false"/>
            <line number="19" hits="23" branch="false"/>
            <line number="20" hits="15" branch="true" condition-coverage="100% (2/2)"/>
            <line number="22" hits="23" branch="true" condition-coverage="100% (1/1)"/>
            <line number="23" hits="5" branch="false"/>
            <line number="24" hits="5" branch="true" condition-coverage="100% (2/2)"/>
            <line number="27" hits="23" branch="false"/>
            <line number="28" hits="7" branch="true" condition-coverage="100% (2/2)"/>
            <line number="31" hits="7" branch="false"/>
            <line number="32" hits="7" branch="false"/>
            <line number="34" hits="7" branch="false"/>
          </lines>
        </class>
      </classes>
    </package>
    <package name="utils" line-rate="1" branch-rate="0.6666">
      <classes>
        <class name="common.ts" filename="src/utils/common.ts" line-rate="1" branch-rate="0.6666">
          <methods>
            <method name="(anonymous_1)" hits="801" signature="()V">
              <lines>
                <line number="3" hits="801"/>
              </lines>
            </method>
            <method name="(anonymous_2)" hits="3" signature="()V">
              <lines>
                <line number="4" hits="3"/>
              </lines>
            </method>
            <method name="(anonymous_3)" hits="3" signature="()V">
              <lines>
                <line number="10" hits="3"/>
              </lines>
            </method>
            <method name="(anonymous_4)" hits="1" signature="()V">
              <lines>
                <line number="16" hits="1"/>
              </lines>
            </method>
            <method name="(anonymous_5)" hits="3" signature="()V">
              <lines>
                <line number="34" hits="3"/>
              </lines>
            </method>
            <method name="(anonymous_6)" hits="3" signature="()V">
              <lines>
                <line number="35" hits="3"/>
              </lines>
            </method>
            <method name="(anonymous_7)" hits="49" signature="()V">
              <lines>
                <line number="38" hits="49"/>
              </lines>
            </method>
            <method name="(anonymous_8)" hits="11" signature="()V">
              <lines>
                <line number="43" hits="11"/>
              </lines>
            </method>
            <method name="(anonymous_9)" hits="4" signature="()V">
              <lines>
                <line number="58" hits="4"/>
              </lines>
            </method>
            <method name="(anonymous_10)" hits="4" signature="()V">
              <lines>
                <line number="60" hits="4"/>
              </lines>
            </method>
            <method name="(anonymous_11)" hits="2" signature="()V">
              <lines>
                <line number="72" hits="2"/>
              </lines>
            </method>
          </methods>
          <lines>
            <line number="1" hits="42" branch="false"/>
            <line number="3" hits="801" branch="false"/>
            <line number="4" hits="42" branch="false"/>
            <line number="5" hits="3" branch="false"/>
            <line number="10" hits="3" branch="false"/>
            <line number="11" hits="3" branch="true" condition-coverage="50% (1/2)"/>
            <line number="14" hits="3" branch="false"/>
            <line number="17" hits="1" branch="false"/>
            <line number="18" hits="1" branch="false"/>
            <line number="33" hits="42" branch="false"/>
            <line number="34" hits="42" branch="true" condition-coverage="50% (1/2)"/>
            <line number="35" hits="3" branch="true" condition-coverage="100% (1/1)"/>
            <line number="36" hits="3" branch="false"/>
            <line number="38" hits="49" branch="false"/>
            <line number="43" hits="42" branch="false"/>
            <line number="44" hits="11" branch="false"/>
            <line number="45" hits="11" branch="false"/>
            <line number="50" hits="6" branch="false"/>
            <line number="58" hits="42" branch="false"/>
            <line number="59" hits="4" branch="false"/>
            <line number="60" hits="4" branch="true" condition-coverage="100% (2/2)"/>
            <line number="72" hits="42" branch="false"/>
            <line number="73" hits="2" branch="false"/>
            <line number="75" hits="2" branch="false"/>
            <line number="76" hits="5" branch="false"/>
            <line number="79" hits="2" branch="false"/>
          </lines>
        </class>
        <class name="index.ts" filename="src/utils/index.ts" line-rate="1" branch-rate="1">
          <methods>
          </methods>
          <lines>
            <line number="1" hits="41" branch="false"/>
            <line number="2" hits="41" branch="false"/>
          </lines>
        </class>
        <class name="io-stream.ts" filename="src/utils/io-stream.ts" line-rate="1" branch-rate="1">
          <methods>
          </methods>
          <lines>
            <line number="20" hits="41" branch="false"/>
          </lines>
        </class>
      </classes>
    </package>
  </packages>
</coverage>
