<?xml version="1.0" ?>
<!DOCTYPE coverage SYSTEM "http://cobertura.sourceforge.net/xml/coverage-04.dtd">
<coverage lines-valid="1123" lines-covered="897" line-rate="0.7987000000000001" branches-valid="577" branches-covered="335" branch-rate="0.5805" timestamp="1743579817378" complexity="0" version="0.1">
  <sources>
    <source>/Users/n1k1t/Work/web/packages/mock-server</source>
  </sources>
  <packages>
    <package name="client" line-rate="0.9189" branch-rate="0.8887999999999999">
      <classes>
        <class name="index.ts" filename="src/client/index.ts" line-rate="1" branch-rate="1">
          <methods>
          </methods>
          <lines>
            <line number="1" hits="14" branch="false"/>
            <line number="2" hits="14" branch="false"/>
            <line number="3" hits="14" branch="false"/>
            <line number="4" hits="14" branch="false"/>
            <line number="5" hits="14" branch="false"/>
          </lines>
        </class>
        <class name="onsite.ts" filename="src/client/onsite.ts" line-rate="1" branch-rate="1">
          <methods>
            <method name="(anonymous_10)" hits="6" signature="()V">
              <lines>
                <line number="12" hits="6"/>
              </lines>
            </method>
            <method name="(anonymous_11)" hits="30" signature="()V">
              <lines>
                <line number="16" hits="30"/>
              </lines>
            </method>
            <method name="(anonymous_12)" hits="1" signature="()V">
              <lines>
                <line number="20" hits="1"/>
              </lines>
            </method>
            <method name="(anonymous_13)" hits="5" signature="()V">
              <lines>
                <line number="26" hits="5"/>
              </lines>
            </method>
          </methods>
          <lines>
            <line number="1" hits="15" branch="false"/>
            <line number="7" hits="15" branch="false"/>
            <line number="9" hits="15" branch="false"/>
            <line number="11" hits="15" branch="false"/>
            <line number="13" hits="6" branch="false"/>
            <line number="16" hits="30" branch="false"/>
            <line number="23" hits="1" branch="false"/>
            <line number="27" hits="5" branch="false"/>
          </lines>
        </class>
        <class name="remote.ts" filename="src/client/remote.ts" line-rate="0.8461" branch-rate="0.5">
          <methods>
            <method name="(anonymous_10)" hits="0" signature="()V">
              <lines>
                <line number="11" hits="0"/>
              </lines>
            </method>
            <method name="(anonymous_11)" hits="2" signature="()V">
              <lines>
                <line number="15" hits="2"/>
              </lines>
            </method>
            <method name="(anonymous_12)" hits="10" signature="()V">
              <lines>
                <line number="24" hits="10"/>
              </lines>
            </method>
            <method name="(anonymous_13)" hits="1" signature="()V">
              <lines>
                <line number="28" hits="1"/>
              </lines>
            </method>
          </methods>
          <lines>
            <line number="1" hits="15" branch="false"/>
            <line number="2" hits="15" branch="false"/>
            <line number="6" hits="15" branch="false"/>
            <line number="8" hits="15" branch="false"/>
            <line number="10" hits="15" branch="false"/>
            <line number="12" hits="0" branch="false"/>
            <line number="15" hits="2" branch="false"/>
            <line number="16" hits="2" branch="false"/>
            <line number="21" hits="2" branch="false"/>
            <line number="24" hits="10" branch="false"/>
            <line number="29" hits="1" branch="false"/>
            <line number="31" hits="1" branch="false"/>
            <line number="32" hits="0" branch="false"/>
          </lines>
        </class>
        <class name="utils.ts" filename="src/client/utils.ts" line-rate="0.909" branch-rate="1">
          <methods>
            <method name="(anonymous_0)" hits="4" signature="()V">
              <lines>
                <line number="11" hits="4"/>
              </lines>
            </method>
            <method name="(anonymous_1)" hits="3" signature="()V">
              <lines>
                <line number="34" hits="3"/>
              </lines>
            </method>
          </methods>
          <lines>
            <line number="8" hits="18" branch="false"/>
            <line number="9" hits="18" branch="false"/>
            <line number="11" hits="18" branch="false"/>
            <line number="12" hits="4" branch="false"/>
            <line number="18" hits="4" branch="true" condition-coverage="100% (1/1)"/>
            <line number="19" hits="2" branch="false"/>
            <line number="22" hits="2" branch="true" condition-coverage="100% (2/2)"/>
            <line number="24" hits="1" branch="false"/>
            <line number="27" hits="1" branch="false"/>
            <line number="31" hits="0" branch="false"/>
            <line number="34" hits="18" branch="false"/>
          </lines>
        </class>
      </classes>
    </package>
    <package name="client.errors" line-rate="1" branch-rate="1">
      <classes>
        <class name="connection.error.ts" filename="src/client/errors/connection.error.ts" line-rate="1" branch-rate="1">
          <methods>
            <method name="(anonymous_0)" hits="3" signature="()V">
              <lines>
                <line number="4" hits="3"/>
              </lines>
            </method>
          </methods>
          <lines>
            <line number="3" hits="19" branch="false"/>
            <line number="4" hits="3" branch="true" condition-coverage="100% (1/1)"/>
            <line number="5" hits="3" branch="false"/>
          </lines>
        </class>
        <class name="index.ts" filename="src/client/errors/index.ts" line-rate="1" branch-rate="1">
          <methods>
          </methods>
          <lines>
            <line number="1" hits="18" branch="false"/>
            <line number="2" hits="18" branch="false"/>
            <line number="3" hits="18" branch="false"/>
            <line number="4" hits="18" branch="false"/>
          </lines>
        </class>
        <class name="internal-server.error.ts" filename="src/client/errors/internal-server.error.ts" line-rate="1" branch-rate="1">
          <methods>
            <method name="(anonymous_0)" hits="2" signature="()V">
              <lines>
                <line number="4" hits="2"/>
              </lines>
            </method>
          </methods>
          <lines>
            <line number="3" hits="19" branch="false"/>
            <line number="5" hits="2" branch="false"/>
            <line number="8" hits="2" branch="false"/>
          </lines>
        </class>
        <class name="validation.error.ts" filename="src/client/errors/validation.error.ts" line-rate="1" branch-rate="1">
          <methods>
            <method name="(anonymous_0)" hits="2" signature="()V">
              <lines>
                <line number="4" hits="2"/>
              </lines>
            </method>
          </methods>
          <lines>
            <line number="3" hits="19" branch="false"/>
            <line number="5" hits="2" branch="false"/>
            <line number="6" hits="2" branch="false"/>
            <line number="8" hits="2" branch="false"/>
          </lines>
        </class>
      </classes>
    </package>
    <package name="client.helpers" line-rate="0.8461" branch-rate="0.8332999999999999">
      <classes>
        <class name="expectations.ts" filename="src/client/helpers/expectations.ts" line-rate="0.8332999999999999" branch-rate="0.8332999999999999">
          <methods>
            <method name="(anonymous_0)" hits="2" signature="()V">
              <lines>
                <line number="123" hits="2"/>
              </lines>
            </method>
            <method name="(anonymous_1)" hits="0" signature="()V">
              <lines>
                <line number="127" hits="0"/>
              </lines>
            </method>
            <method name="(anonymous_2)" hits="6" signature="()V">
              <lines>
                <line number="128" hits="6"/>
              </lines>
            </method>
            <method name="(anonymous_3)" hits="1" signature="()V">
              <lines>
                <line number="129" hits="1"/>
              </lines>
            </method>
            <method name="(anonymous_4)" hits="1" signature="()V">
              <lines>
                <line number="131" hits="1"/>
              </lines>
            </method>
            <method name="(anonymous_5)" hits="0" signature="()V">
              <lines>
                <line number="132" hits="0"/>
              </lines>
            </method>
            <method name="(anonymous_6)" hits="5" signature="()V">
              <lines>
                <line number="134" hits="5"/>
              </lines>
            </method>
            <method name="(anonymous_7)" hits="47" signature="()V">
              <lines>
                <line number="153" hits="47"/>
              </lines>
            </method>
            <method name="(anonymous_8)" hits="5" signature="()V">
              <lines>
                <line number="172" hits="5"/>
              </lines>
            </method>
            <method name="(anonymous_9)" hits="1" signature="()V">
              <lines>
                <line number="191" hits="1"/>
              </lines>
            </method>
            <method name="(anonymous_10)" hits="1" signature="()V">
              <lines>
                <line number="210" hits="1"/>
              </lines>
            </method>
          </methods>
          <lines>
            <line number="123" hits="17" branch="false"/>
            <line number="126" hits="2" branch="false"/>
            <line number="127" hits="0" branch="false"/>
            <line number="128" hits="6" branch="false"/>
            <line number="129" hits="1" branch="false"/>
            <line number="131" hits="1" branch="false"/>
            <line number="132" hits="0" branch="false"/>
            <line number="139" hits="5" branch="false"/>
            <line number="158" hits="47" branch="false"/>
            <line number="177" hits="5" branch="false"/>
            <line number="196" hits="1" branch="false"/>
            <line number="214" hits="1" branch="false"/>
          </lines>
        </class>
        <class name="index.ts" filename="src/client/helpers/index.ts" line-rate="1" branch-rate="1">
          <methods>
          </methods>
          <lines>
            <line number="1" hits="17" branch="false"/>
          </lines>
        </class>
      </classes>
    </package>
    <package name="client.methods" line-rate="0.5821999999999999" branch-rate="0">
      <classes>
        <class name="expectations-group.update.method.ts" filename="src/client/methods/expectations-group.update.method.ts" line-rate="0.5" branch-rate="1">
          <methods>
            <method name="(anonymous_1)" hits="2" signature="()V">
              <lines>
                <line number="13" hits="2"/>
              </lines>
            </method>
            <method name="(anonymous_2)" hits="0" signature="()V">
              <lines>
                <line number="13" hits="0"/>
              </lines>
            </method>
            <method name="(anonymous_3)" hits="6" signature="()V">
              <lines>
                <line number="27" hits="6"/>
              </lines>
            </method>
            <method name="(anonymous_4)" hits="0" signature="()V">
              <lines>
                <line number="27" hits="0"/>
              </lines>
            </method>
            <method name="(anonymous_5)" hits="0" signature="()V">
              <lines>
                <line number="28" hits="0"/>
              </lines>
            </method>
          </methods>
          <lines>
            <line number="1" hits="16" branch="false"/>
            <line number="2" hits="16" branch="false"/>
            <line number="4" hits="16" branch="false"/>
            <line number="6" hits="16" branch="false"/>
            <line number="8" hits="16" branch="false"/>
            <line number="13" hits="2" branch="false"/>
            <line number="14" hits="0" branch="false"/>
            <line number="25" hits="0" branch="false"/>
            <line number="27" hits="6" branch="false"/>
            <line number="28" hits="0" branch="false"/>
            <line number="29" hits="0" branch="false"/>
            <line number="31" hits="0" branch="false"/>
            <line number="33" hits="0" branch="false"/>
            <line number="34" hits="0" branch="false"/>
          </lines>
        </class>
        <class name="expectations.create.method.ts" filename="src/client/methods/expectations.create.method.ts" line-rate="0.5333" branch-rate="0">
          <methods>
            <method name="(anonymous_1)" hits="2" signature="()V">
              <lines>
                <line number="14" hits="2"/>
              </lines>
            </method>
            <method name="(anonymous_2)" hits="0" signature="()V">
              <lines>
                <line number="14" hits="0"/>
              </lines>
            </method>
            <method name="(anonymous_3)" hits="6" signature="()V">
              <lines>
                <line number="28" hits="6"/>
              </lines>
            </method>
            <method name="(anonymous_4)" hits="0" signature="()V">
              <lines>
                <line number="28" hits="0"/>
              </lines>
            </method>
          </methods>
          <lines>
            <line number="1" hits="16" branch="false"/>
            <line number="2" hits="16" branch="false"/>
            <line number="3" hits="16" branch="false"/>
            <line number="5" hits="16" branch="false"/>
            <line number="7" hits="16" branch="false"/>
            <line number="9" hits="16" branch="false"/>
            <line number="14" hits="2" branch="false"/>
            <line number="15" hits="0" branch="false"/>
            <line number="26" hits="0" branch="false"/>
            <line number="28" hits="6" branch="false"/>
            <line number="29" hits="0" branch="false"/>
            <line number="33" hits="0" branch="true" condition-coverage="0% (0/1)"/>
            <line number="34" hits="0" branch="false"/>
            <line number="37" hits="0" branch="false"/>
            <line number="38" hits="0" branch="false"/>
          </lines>
        </class>
        <class name="expectations.delete.method.ts" filename="src/client/methods/expectations.delete.method.ts" line-rate="0.5832999999999999" branch-rate="0">
          <methods>
            <method name="(anonymous_1)" hits="2" signature="()V">
              <lines>
                <line number="13" hits="2"/>
              </lines>
            </method>
            <method name="(anonymous_2)" hits="0" signature="()V">
              <lines>
                <line number="13" hits="0"/>
              </lines>
            </method>
            <method name="(anonymous_3)" hits="6" signature="()V">
              <lines>
                <line number="27" hits="6"/>
              </lines>
            </method>
            <method name="(anonymous_4)" hits="0" signature="()V">
              <lines>
                <line number="27" hits="0"/>
              </lines>
            </method>
            <method name="(anonymous_5)" hits="0" signature="()V">
              <lines>
                <line number="29" hits="0"/>
              </lines>
            </method>
          </methods>
          <lines>
            <line number="1" hits="16" branch="false"/>
            <line number="2" hits="16" branch="false"/>
            <line number="4" hits="16" branch="false"/>
            <line number="6" hits="16" branch="false"/>
            <line number="8" hits="16" branch="false"/>
            <line number="13" hits="2" branch="false"/>
            <line number="14" hits="0" branch="false"/>
            <line number="25" hits="0" branch="false"/>
            <line number="27" hits="6" branch="false"/>
            <line number="28" hits="0" branch="true" condition-coverage="0% (0/2)"/>
            <line number="29" hits="0" branch="false"/>
            <line number="32" hits="0" branch="false"/>
          </lines>
        </class>
        <class name="expectations.update.method.ts" filename="src/client/methods/expectations.update.method.ts" line-rate="0.4583" branch-rate="0">
          <methods>
            <method name="(anonymous_1)" hits="2" signature="()V">
              <lines>
                <line number="18" hits="2"/>
              </lines>
            </method>
            <method name="(anonymous_2)" hits="0" signature="()V">
              <lines>
                <line number="18" hits="0"/>
              </lines>
            </method>
            <method name="(anonymous_3)" hits="6" signature="()V">
              <lines>
                <line number="35" hits="6"/>
              </lines>
            </method>
            <method name="(anonymous_4)" hits="0" signature="()V">
              <lines>
                <line number="35" hits="0"/>
              </lines>
            </method>
            <method name="(anonymous_5)" hits="0" signature="()V">
              <lines>
                <line number="42" hits="0"/>
              </lines>
            </method>
          </methods>
          <lines>
            <line number="1" hits="16" branch="false"/>
            <line number="3" hits="16" branch="false"/>
            <line number="4" hits="16" branch="false"/>
            <line number="5" hits="16" branch="false"/>
            <line number="6" hits="16" branch="false"/>
            <line number="7" hits="16" branch="false"/>
            <line number="9" hits="16" branch="false"/>
            <line number="11" hits="16" branch="false"/>
            <line number="13" hits="16" branch="false"/>
            <line number="18" hits="2" branch="false"/>
            <line number="19" hits="0" branch="false"/>
            <line number="33" hits="0" branch="false"/>
            <line number="35" hits="6" branch="false"/>
            <line number="36" hits="0" branch="false"/>
            <line number="37" hits="0" branch="true" condition-coverage="0% (0/1)"/>
            <line number="38" hits="0" branch="false"/>
            <line number="41" hits="0" branch="false"/>
            <line number="42" hits="0" branch="true" condition-coverage="0% (0/2)"/>
            <line number="49" hits="0" branch="false"/>
            <line number="50" hits="0" branch="true" condition-coverage="0% (0/1)"/>
            <line number="51" hits="0" branch="false"/>
            <line number="54" hits="0" branch="false"/>
            <line number="55" hits="0" branch="false"/>
            <line number="57" hits="0" branch="false"/>
          </lines>
        </class>
        <class name="index.ts" filename="src/client/methods/index.ts" line-rate="1" branch-rate="1">
          <methods>
            <method name="(anonymous_1)" hits="8" signature="()V">
              <lines>
                <line number="1" hits="8"/>
              </lines>
            </method>
            <method name="(anonymous_2)" hits="8" signature="()V">
              <lines>
                <line number="2" hits="8"/>
              </lines>
            </method>
            <method name="(anonymous_3)" hits="8" signature="()V">
              <lines>
                <line number="3" hits="8"/>
              </lines>
            </method>
            <method name="(anonymous_4)" hits="8" signature="()V">
              <lines>
                <line number="4" hits="8"/>
              </lines>
            </method>
            <method name="(anonymous_5)" hits="8" signature="()V">
              <lines>
                <line number="6" hits="8"/>
              </lines>
            </method>
          </methods>
          <lines>
            <line number="1" hits="24" branch="false"/>
            <line number="2" hits="24" branch="false"/>
            <line number="3" hits="24" branch="false"/>
            <line number="4" hits="24" branch="false"/>
            <line number="6" hits="24" branch="false"/>
          </lines>
        </class>
        <class name="ping.method.ts" filename="src/client/methods/ping.method.ts" line-rate="0.8887999999999999" branch-rate="1">
          <methods>
            <method name="(anonymous_1)" hits="2" signature="()V">
              <lines>
                <line number="13" hits="2"/>
              </lines>
            </method>
            <method name="(anonymous_2)" hits="1" signature="()V">
              <lines>
                <line number="13" hits="1"/>
              </lines>
            </method>
            <method name="(anonymous_3)" hits="6" signature="()V">
              <lines>
                <line number="25" hits="6"/>
              </lines>
            </method>
            <method name="(anonymous_4)" hits="0" signature="()V">
              <lines>
                <line number="25" hits="0"/>
              </lines>
            </method>
          </methods>
          <lines>
            <line number="1" hits="16" branch="false"/>
            <line number="2" hits="16" branch="false"/>
            <line number="4" hits="16" branch="false"/>
            <line number="6" hits="16" branch="false"/>
            <line number="8" hits="16" branch="false"/>
            <line number="13" hits="2" branch="false"/>
            <line number="14" hits="1" branch="false"/>
            <line number="23" hits="0" branch="false"/>
            <line number="25" hits="6" branch="false"/>
          </lines>
        </class>
      </classes>
    </package>
    <package name="client.models" line-rate="0.8571" branch-rate="0.75">
      <classes>
        <class name="client.ts" filename="src/client/models/client.ts" line-rate="0.8887999999999999" branch-rate="0.75">
          <methods>
            <method name="(anonymous_0)" hits="13" signature="()V">
              <lines>
                <line number="37" hits="13"/>
              </lines>
            </method>
            <method name="(anonymous_1)" hits="2" signature="()V">
              <lines>
                <line number="39" hits="2"/>
              </lines>
            </method>
            <method name="(anonymous_2)" hits="1" signature="()V">
              <lines>
                <line number="43" hits="1"/>
              </lines>
            </method>
            <method name="(anonymous_3)" hits="2" signature="()V">
              <lines>
                <line number="55" hits="2"/>
              </lines>
            </method>
            <method name="(anonymous_4)" hits="1" signature="()V">
              <lines>
                <line number="71" hits="1"/>
              </lines>
            </method>
            <method name="(anonymous_5)" hits="2" signature="()V">
              <lines>
                <line number="77" hits="2"/>
              </lines>
            </method>
            <method name="(anonymous_6)" hits="0" signature="()V">
              <lines>
                <line number="82" hits="0"/>
              </lines>
            </method>
          </methods>
          <lines>
            <line number="6" hits="17" branch="false"/>
            <line number="36" hits="17" branch="false"/>
            <line number="37" hits="13" branch="false"/>
            <line number="40" hits="2" branch="false"/>
            <line number="44" hits="1" branch="false"/>
            <line number="56" hits="2" branch="true" condition-coverage="100% (2/2)"/>
            <line number="72" hits="1" branch="true" condition-coverage="50% (1/2)"/>
            <line number="80" hits="2" branch="false"/>
            <line number="82" hits="0" branch="false"/>
          </lines>
        </class>
        <class name="index.ts" filename="src/client/models/index.ts" line-rate="1" branch-rate="1">
          <methods>
          </methods>
          <lines>
            <line number="1" hits="16" branch="false"/>
            <line number="2" hits="16" branch="false"/>
          </lines>
        </class>
        <class name="method.ts" filename="src/client/models/method.ts" line-rate="0.8" branch-rate="1">
          <methods>
            <method name="(anonymous_0)" hits="80" signature="()V">
              <lines>
                <line number="23" hits="80"/>
              </lines>
            </method>
            <method name="(anonymous_1)" hits="0" signature="()V">
              <lines>
                <line number="27" hits="0"/>
              </lines>
            </method>
            <method name="(anonymous_2)" hits="0" signature="()V">
              <lines>
                <line number="27" hits="0"/>
              </lines>
            </method>
            <method name="(anonymous_3)" hits="0" signature="()V">
              <lines>
                <line number="28" hits="0"/>
              </lines>
            </method>
            <method name="(anonymous_4)" hits="0" signature="()V">
              <lines>
                <line number="28" hits="0"/>
              </lines>
            </method>
            <method name="(anonymous_5)" hits="160" signature="()V">
              <lines>
                <line number="31" hits="160"/>
              </lines>
            </method>
            <method name="(anonymous_6)" hits="40" signature="()V">
              <lines>
                <line number="39" hits="40"/>
              </lines>
            </method>
            <method name="(anonymous_7)" hits="80" signature="()V">
              <lines>
                <line number="47" hits="80"/>
              </lines>
            </method>
          </methods>
          <lines>
            <line number="6" hits="16" branch="false"/>
            <line number="23" hits="16" branch="false"/>
            <line number="26" hits="80" branch="false"/>
            <line number="27" hits="0" branch="false"/>
            <line number="28" hits="0" branch="false"/>
            <line number="35" hits="160" branch="false"/>
            <line number="36" hits="160" branch="false"/>
            <line number="43" hits="40" branch="false"/>
            <line number="44" hits="40" branch="false"/>
            <line number="48" hits="80" branch="false"/>
          </lines>
        </class>
      </classes>
    </package>
    <package name="config" line-rate="0.8461" branch-rate="0.75">
      <classes>
        <class name="index.ts" filename="src/config/index.ts" line-rate="1" branch-rate="1">
          <methods>
          </methods>
          <lines>
            <line number="1" hits="22" branch="false"/>
            <line number="3" hits="22" branch="false"/>
            <line number="4" hits="22" branch="false"/>
          </lines>
        </class>
        <class name="model.ts" filename="src/config/model.ts" line-rate="0.8" branch-rate="0.75">
          <methods>
            <method name="(anonymous_1)" hits="22" signature="()V">
              <lines>
                <line number="9" hits="22"/>
              </lines>
            </method>
            <method name="(anonymous_2)" hits="22" signature="()V">
              <lines>
                <line number="10" hits="22"/>
              </lines>
            </method>
            <method name="(anonymous_3)" hits="22" signature="()V">
              <lines>
                <line number="12" hits="22"/>
              </lines>
            </method>
            <method name="(anonymous_4)" hits="16" signature="()V">
              <lines>
                <line number="36" hits="16"/>
              </lines>
            </method>
            <method name="(anonymous_5)" hits="0" signature="()V">
              <lines>
                <line number="40" hits="0"/>
              </lines>
            </method>
            <method name="(anonymous_6)" hits="0" signature="()V">
              <lines>
                <line number="44" hits="0"/>
              </lines>
            </method>
            <method name="(anonymous_7)" hits="0" signature="()V">
              <lines>
                <line number="45" hits="0"/>
              </lines>
            </method>
          </methods>
          <lines>
            <line number="1" hits="22" branch="false"/>
            <line number="2" hits="22" branch="false"/>
            <line number="7" hits="22" branch="false"/>
            <line number="9" hits="22" branch="false"/>
            <line number="10" hits="22" branch="true" condition-coverage="50% (1/2)"/>
            <line number="12" hits="22" branch="false"/>
            <line number="13" hits="22" branch="false"/>
            <line number="37" hits="16" branch="false"/>
            <line number="41" hits="0" branch="false"/>
            <line number="45" hits="0" branch="false"/>
          </lines>
        </class>
      </classes>
    </package>
    <package name="expectations" line-rate="0.7301000000000001" branch-rate="0.6296">
      <classes>
        <class name="index.ts" filename="src/expectations/index.ts" line-rate="1" branch-rate="1">
          <methods>
          </methods>
          <lines>
            <line number="1" hits="18" branch="false"/>
            <line number="2" hits="18" branch="false"/>
            <line number="3" hits="18" branch="false"/>
          </lines>
        </class>
        <class name="types.ts" filename="src/expectations/types.ts" line-rate="1" branch-rate="1">
          <methods>
          </methods>
          <lines>
            <line number="26" hits="19" branch="false"/>
            <line number="29" hits="19" branch="false"/>
            <line number="43" hits="19" branch="false"/>
          </lines>
        </class>
        <class name="utils.ts" filename="src/expectations/utils.ts" line-rate="0.7017" branch-rate="0.6296">
          <methods>
            <method name="(anonymous_1)" hits="110" signature="()V">
              <lines>
                <line number="23" hits="110"/>
              </lines>
            </method>
            <method name="(anonymous_2)" hits="167" signature="()V">
              <lines>
                <line number="37" hits="167"/>
              </lines>
            </method>
            <method name="(anonymous_3)" hits="318" signature="()V">
              <lines>
                <line number="193" hits="318"/>
              </lines>
            </method>
            <method name="(anonymous_4)" hits="554" signature="()V">
              <lines>
                <line number="198" hits="554"/>
              </lines>
            </method>
            <method name="(anonymous_5)" hits="14" signature="()V">
              <lines>
                <line number="209" hits="14"/>
              </lines>
            </method>
            <method name="(anonymous_6)" hits="554" signature="()V">
              <lines>
                <line number="212" hits="554"/>
              </lines>
            </method>
            <method name="(anonymous_7)" hits="32" signature="()V">
              <lines>
                <line number="221" hits="32"/>
              </lines>
            </method>
          </methods>
          <lines>
            <line number="1" hits="19" branch="false"/>
            <line number="2" hits="19" branch="false"/>
            <line number="4" hits="19" branch="false"/>
            <line number="5" hits="19" branch="false"/>
            <line number="21" hits="19" branch="false"/>
            <line number="23" hits="19" branch="false"/>
            <line number="27" hits="110" branch="true" condition-coverage="60% (3/5)"/>
            <line number="31" hits="32" branch="false"/>
            <line number="33" hits="78" branch="false"/>
            <line number="37" hits="19" branch="false"/>
            <line number="41" hits="167" branch="true" condition-coverage="27.27272727272727% (6/22)"/>
            <line number="42" hits="24" branch="false"/>
            <line number="49" hits="10" branch="false"/>
            <line number="56" hits="65" branch="false"/>
            <line number="63" hits="0" branch="false"/>
            <line number="70" hits="49" branch="false"/>
            <line number="77" hits="5" branch="false"/>
            <line number="84" hits="0" branch="false"/>
            <line number="91" hits="0" branch="false"/>
            <line number="98" hits="0" branch="false"/>
            <line number="105" hits="0" branch="false"/>
            <line number="112" hits="14" branch="false"/>
            <line number="119" hits="0" branch="false"/>
            <line number="126" hits="0" branch="false"/>
            <line number="133" hits="0" branch="false"/>
            <line number="140" hits="0" branch="false"/>
            <line number="147" hits="0" branch="false"/>
            <line number="154" hits="0" branch="false"/>
            <line number="161" hits="0" branch="false"/>
            <line number="168" hits="0" branch="false"/>
            <line number="175" hits="0" branch="false"/>
            <line number="182" hits="0" branch="false"/>
            <line number="189" hits="0" branch="false"/>
            <line number="193" hits="19" branch="false"/>
            <line number="198" hits="318" branch="false"/>
            <line number="199" hits="554" branch="true" condition-coverage="100% (2/2)"/>
            <line number="201" hits="554" branch="false"/>
            <line number="203" hits="554" branch="true" condition-coverage="100% (3/3)"/>
            <line number="204" hits="304" branch="false"/>
            <line number="209" hits="19" branch="false"/>
            <line number="210" hits="14" branch="true" condition-coverage="50% (1/2)"/>
            <line number="212" hits="14" branch="false"/>
            <line number="213" hits="554" branch="true" condition-coverage="100% (1/1)"/>
            <line number="214" hits="10" branch="false"/>
            <line number="217" hits="554" branch="true" condition-coverage="100% (3/3)"/>
            <line number="218" hits="16" branch="false"/>
            <line number="220" hits="554" branch="true" condition-coverage="100% (3/3)"/>
            <line number="221" hits="32" branch="false"/>
            <line number="224" hits="554" branch="true" condition-coverage="100% (3/3)"/>
            <line number="225" hits="28" branch="false"/>
            <line number="227" hits="554" branch="true" condition-coverage="100% (3/3)"/>
            <line number="228" hits="4" branch="false"/>
            <line number="230" hits="554" branch="true" condition-coverage="66.66666666666666% (2/3)"/>
            <line number="231" hits="0" branch="false"/>
            <line number="233" hits="554" branch="true" condition-coverage="100% (3/3)"/>
            <line number="234" hits="6" branch="false"/>
            <line number="238" hits="14" branch="false"/>
          </lines>
        </class>
      </classes>
    </package>
    <package name="expectations.__utils__" line-rate="1" branch-rate="1">
      <classes>
        <class name="index.ts" filename="src/expectations/__utils__/index.ts" line-rate="1" branch-rate="1">
          <methods>
            <method name="(anonymous_0)" hits="93" signature="()V">
              <lines>
                <line number="4" hits="93"/>
              </lines>
            </method>
          </methods>
          <lines>
            <line number="2" hits="10" branch="false"/>
            <line number="4" hits="93" branch="false"/>
          </lines>
        </class>
      </classes>
    </package>
    <package name="expectations.models" line-rate="0.8873000000000001" branch-rate="0.8684000000000001">
      <classes>
        <class name="expectation.ts" filename="src/expectations/models/expectation.ts" line-rate="0.8332999999999999" branch-rate="0.9545">
          <methods>
            <method name="(anonymous_10)" hits="0" signature="()V">
              <lines>
                <line number="47" hits="0"/>
              </lines>
            </method>
            <method name="(anonymous_11)" hits="9" signature="()V">
              <lines>
                <line number="58" hits="9"/>
              </lines>
            </method>
            <method name="(anonymous_12)" hits="0" signature="()V">
              <lines>
                <line number="36" hits="0"/>
              </lines>
            </method>
            <method name="(anonymous_13)" hits="0" signature="()V">
              <lines>
                <line number="64" hits="0"/>
              </lines>
            </method>
            <method name="(anonymous_14)" hits="6" signature="()V">
              <lines>
                <line number="69" hits="6"/>
              </lines>
            </method>
            <method name="(anonymous_15)" hits="3" signature="()V">
              <lines>
                <line number="73" hits="3"/>
              </lines>
            </method>
            <method name="(anonymous_16)" hits="9" signature="()V">
              <lines>
                <line number="93" hits="9"/>
              </lines>
            </method>
          </methods>
          <lines>
            <line number="1" hits="18" branch="false"/>
            <line number="2" hits="18" branch="false"/>
            <line number="4" hits="18" branch="false"/>
            <line number="6" hits="18" branch="false"/>
            <line number="14" hits="18" branch="false"/>
            <line number="16" hits="18" branch="false"/>
            <line number="25" hits="9" branch="true" condition-coverage="100% (2/2)"/>
            <line number="26" hits="9" branch="true" condition-coverage="100% (2/2)"/>
            <line number="27" hits="9" branch="true" condition-coverage="100% (2/2)"/>
            <line number="29" hits="9" branch="false"/>
            <line number="31" hits="9" branch="false"/>
            <line number="32" hits="9" branch="true" condition-coverage="100% (2/2)"/>
            <line number="34" hits="9" branch="true" condition-coverage="100% (2/2)"/>
            <line number="36" hits="0" branch="false"/>
            <line number="38" hits="9" branch="true" condition-coverage="100% (2/2)"/>
            <line number="42" hits="9" branch="false"/>
            <line number="48" hits="0" branch="false"/>
            <line number="51" hits="9" branch="false"/>
            <line number="59" hits="9" branch="false"/>
            <line number="65" hits="0" branch="false"/>
            <line number="66" hits="0" branch="false"/>
            <line number="70" hits="6" branch="false"/>
            <line number="74" hits="3" branch="false"/>
            <line number="94" hits="9" branch="false"/>
          </lines>
        </class>
        <class name="index.ts" filename="src/expectations/models/index.ts" line-rate="1" branch-rate="1">
          <methods>
          </methods>
          <lines>
            <line number="1" hits="18" branch="false"/>
            <line number="2" hits="18" branch="false"/>
            <line number="3" hits="18" branch="false"/>
          </lines>
        </class>
        <class name="operator.ts" filename="src/expectations/models/operator.ts" line-rate="0.9229999999999999" branch-rate="0.7777">
          <methods>
            <method name="(anonymous_10)" hits="312" signature="()V">
              <lines>
                <line number="32" hits="312"/>
              </lines>
            </method>
            <method name="(anonymous_11)" hits="53" signature="()V">
              <lines>
                <line number="34" hits="53"/>
              </lines>
            </method>
            <method name="(anonymous_12)" hits="50" signature="()V">
              <lines>
                <line number="46" hits="50"/>
              </lines>
            </method>
            <method name="(anonymous_13)" hits="204" signature="()V">
              <lines>
                <line number="54" hits="204"/>
              </lines>
            </method>
            <method name="(anonymous_14)" hits="50" signature="()V">
              <lines>
                <line number="64" hits="50"/>
              </lines>
            </method>
            <method name="(anonymous_15)" hits="0" signature="()V">
              <lines>
                <line number="84" hits="0"/>
              </lines>
            </method>
          </methods>
          <lines>
            <line number="1" hits="19" branch="false"/>
            <line number="2" hits="19" branch="false"/>
            <line number="3" hits="19" branch="false"/>
            <line number="4" hits="19" branch="false"/>
            <line number="7" hits="19" branch="false"/>
            <line number="8" hits="19" branch="false"/>
            <line number="18" hits="19" branch="false"/>
            <line number="23" hits="19" branch="false"/>
            <line number="32" hits="312" branch="false"/>
            <line number="35" hits="53" branch="false"/>
            <line number="37" hits="53" branch="true" condition-coverage="100% (1/1)"/>
            <line number="38" hits="40" branch="false"/>
            <line number="40" hits="53" branch="true" condition-coverage="100% (1/1)"/>
            <line number="41" hits="53" branch="false"/>
            <line number="44" hits="53" branch="true" condition-coverage="100% (2/2)"/>
            <line number="46" hits="53" branch="false"/>
            <line number="47" hits="50" branch="false"/>
            <line number="48" hits="50" branch="false"/>
            <line number="50" hits="50" branch="true" condition-coverage="50% (1/2)"/>
            <line number="60" hits="204" branch="false"/>
            <line number="61" hits="204" branch="true" condition-coverage="100% (2/2)"/>
            <line number="68" hits="50" branch="false"/>
            <line number="70" hits="50" branch="true" condition-coverage="0% (0/1)"/>
            <line number="71" hits="0" branch="false"/>
            <line number="74" hits="50" branch="false"/>
            <line number="84" hits="0" branch="false"/>
          </lines>
        </class>
        <class name="storage.ts" filename="src/expectations/models/storage.ts" line-rate="0.8887999999999999" branch-rate="0.7142000000000001">
          <methods>
            <method name="(anonymous_0)" hits="6" signature="()V">
              <lines>
                <line number="14" hits="6"/>
              </lines>
            </method>
            <method name="(anonymous_1)" hits="5" signature="()V">
              <lines>
                <line number="28" hits="5"/>
              </lines>
            </method>
          </methods>
          <lines>
            <line number="4" hits="18" branch="false"/>
            <line number="5" hits="18" branch="false"/>
            <line number="11" hits="18" branch="false"/>
            <line number="13" hits="18" branch="false"/>
            <line number="15" hits="6" branch="false"/>
            <line number="16" hits="6" branch="false"/>
            <line number="18" hits="6" branch="true" condition-coverage="0% (0/1)"/>
            <line number="19" hits="0" branch="false"/>
            <line number="22" hits="6" branch="false"/>
            <line number="23" hits="6" branch="false"/>
            <line number="25" hits="6" branch="false"/>
            <line number="29" hits="5" branch="false"/>
            <line number="30" hits="6" branch="true" condition-coverage="0% (0/1)"/>
            <line number="31" hits="0" branch="false"/>
            <line number="34" hits="6" branch="true" condition-coverage="100% (2/2)"/>
            <line number="35" hits="6" branch="true" condition-coverage="100% (3/3)"/>
            <line number="36" hits="2" branch="false"/>
            <line number="40" hits="3" branch="false"/>
          </lines>
        </class>
      </classes>
    </package>
    <package name="expectations.operators" line-rate="0.8798" branch-rate="0.6647">
      <classes>
        <class name="and.operator.ts" filename="src/expectations/operators/and.operator.ts" line-rate="1" branch-rate="1">
          <methods>
            <method name="(anonymous_0)" hits="17" signature="()V">
              <lines>
                <line number="9" hits="17"/>
              </lines>
            </method>
            <method name="(anonymous_1)" hits="118" signature="()V">
              <lines>
                <line number="18" hits="118"/>
              </lines>
            </method>
            <method name="(anonymous_2)" hits="118" signature="()V">
              <lines>
                <line number="20" hits="118"/>
              </lines>
            </method>
            <method name="(anonymous_3)" hits="10" signature="()V">
              <lines>
                <line number="25" hits="10"/>
              </lines>
            </method>
            <method name="(anonymous_4)" hits="107" signature="()V">
              <lines>
                <line number="26" hits="107"/>
              </lines>
            </method>
            <method name="(anonymous_5)" hits="5" signature="()V">
              <lines>
                <line number="29" hits="5"/>
              </lines>
            </method>
            <method name="(anonymous_6)" hits="6" signature="()V">
              <lines>
                <line number="30" hits="6"/>
              </lines>
            </method>
            <method name="(anonymous_7)" hits="2" signature="()V">
              <lines>
                <line number="33" hits="2"/>
              </lines>
            </method>
            <method name="(anonymous_8)" hits="4" signature="()V">
              <lines>
                <line number="34" hits="4"/>
              </lines>
            </method>
          </methods>
          <lines>
            <line number="1" hits="19" branch="false"/>
            <line number="9" hits="19" branch="false"/>
            <line number="17" hits="17" branch="false"/>
            <line number="18" hits="118" branch="false"/>
            <line number="21" hits="118" branch="false"/>
            <line number="22" hits="118" branch="false"/>
            <line number="26" hits="107" branch="false"/>
            <line number="30" hits="6" branch="false"/>
            <line number="34" hits="4" branch="false"/>
            <line number="35" hits="2" branch="false"/>
          </lines>
        </class>
        <class name="exec.operator.ts" filename="src/expectations/operators/exec.operator.ts" line-rate="1" branch-rate="0.5">
          <methods>
            <method name="(anonymous_0)" hits="13" signature="()V">
              <lines>
                <line number="7" hits="13"/>
              </lines>
            </method>
            <method name="(anonymous_1)" hits="3" signature="()V">
              <lines>
                <line number="12" hits="3"/>
              </lines>
            </method>
            <method name="(anonymous_2)" hits="3" signature="()V">
              <lines>
                <line number="16" hits="3"/>
              </lines>
            </method>
            <method name="(anonymous_3)" hits="10" signature="()V">
              <lines>
                <line number="21" hits="10"/>
              </lines>
            </method>
          </methods>
          <lines>
            <line number="4" hits="19" branch="false"/>
            <line number="7" hits="19" branch="false"/>
            <line number="10" hits="13" branch="false"/>
            <line number="13" hits="3" branch="false"/>
            <line number="17" hits="3" branch="false"/>
            <line number="18" hits="3" branch="true" condition-coverage="50% (1/2)"/>
            <line number="22" hits="10" branch="false"/>
            <line number="23" hits="10" branch="false"/>
          </lines>
        </class>
        <class name="has.operator.ts" filename="src/expectations/operators/has.operator.ts" line-rate="0.9047" branch-rate="0.8571">
          <methods>
            <method name="(anonymous_1)" hits="191" signature="()V">
              <lines>
                <line number="17" hits="191"/>
              </lines>
            </method>
            <method name="(anonymous_2)" hits="22" signature="()V">
              <lines>
                <line number="59" hits="22"/>
              </lines>
            </method>
            <method name="(anonymous_3)" hits="98" signature="()V">
              <lines>
                <line number="67" hits="98"/>
              </lines>
            </method>
            <method name="(anonymous_4)" hits="11" signature="()V">
              <lines>
                <line number="76" hits="11"/>
              </lines>
            </method>
            <method name="(anonymous_5)" hits="8" signature="()V">
              <lines>
                <line number="86" hits="8"/>
              </lines>
            </method>
            <method name="(anonymous_6)" hits="8" signature="()V">
              <lines>
                <line number="96" hits="8"/>
              </lines>
            </method>
            <method name="(anonymous_7)" hits="110" signature="()V">
              <lines>
                <line number="105" hits="110"/>
              </lines>
            </method>
            <method name="(anonymous_8)" hits="6" signature="()V">
              <lines>
                <line number="121" hits="6"/>
              </lines>
            </method>
            <method name="(anonymous_9)" hits="2" signature="()V">
              <lines>
                <line number="128" hits="2"/>
              </lines>
            </method>
            <method name="(anonymous_10)" hits="3" signature="()V">
              <lines>
                <line number="135" hits="3"/>
              </lines>
            </method>
            <method name="(anonymous_11)" hits="4" signature="()V">
              <lines>
                <line number="150" hits="4"/>
              </lines>
            </method>
            <method name="(anonymous_12)" hits="3" signature="()V">
              <lines>
                <line number="158" hits="3"/>
              </lines>
            </method>
            <method name="(anonymous_13)" hits="7" signature="()V">
              <lines>
                <line number="185" hits="7"/>
              </lines>
            </method>
            <method name="(anonymous_14)" hits="28" signature="()V">
              <lines>
                <line number="190" hits="28"/>
              </lines>
            </method>
            <method name="(anonymous_15)" hits="4" signature="()V">
              <lines>
                <line number="193" hits="4"/>
              </lines>
            </method>
            <method name="(anonymous_16)" hits="9" signature="()V">
              <lines>
                <line number="193" hits="9"/>
              </lines>
            </method>
            <method name="(anonymous_17)" hits="3" signature="()V">
              <lines>
                <line number="197" hits="3"/>
              </lines>
            </method>
            <method name="(anonymous_18)" hits="2" signature="()V">
              <lines>
                <line number="200" hits="2"/>
              </lines>
            </method>
            <method name="(anonymous_19)" hits="3" signature="()V">
              <lines>
                <line number="200" hits="3"/>
              </lines>
            </method>
            <method name="(anonymous_20)" hits="2" signature="()V">
              <lines>
                <line number="204" hits="2"/>
              </lines>
            </method>
            <method name="(anonymous_21)" hits="3" signature="()V">
              <lines>
                <line number="207" hits="3"/>
              </lines>
            </method>
            <method name="(anonymous_22)" hits="2" signature="()V">
              <lines>
                <line number="211" hits="2"/>
              </lines>
            </method>
            <method name="(anonymous_23)" hits="6" signature="()V">
              <lines>
                <line number="211" hits="6"/>
              </lines>
            </method>
            <method name="(anonymous_24)" hits="5" signature="()V">
              <lines>
                <line number="214" hits="5"/>
              </lines>
            </method>
            <method name="(anonymous_25)" hits="9" signature="()V">
              <lines>
                <line number="214" hits="9"/>
              </lines>
            </method>
            <method name="(anonymous_26)" hits="6" signature="()V">
              <lines>
                <line number="218" hits="6"/>
              </lines>
            </method>
            <method name="(anonymous_27)" hits="0" signature="()V">
              <lines>
                <line number="228" hits="0"/>
              </lines>
            </method>
          </methods>
          <lines>
            <line number="1" hits="19" branch="false"/>
            <line number="2" hits="19" branch="false"/>
            <line number="4" hits="19" branch="false"/>
            <line number="5" hits="19" branch="false"/>
            <line number="7" hits="19" branch="false"/>
            <line number="17" hits="19" branch="false"/>
            <line number="53" hits="191" branch="false"/>
            <line number="59" hits="22" branch="false"/>
            <line number="68" hits="98" branch="true" condition-coverage="100% (3/3)"/>
            <line number="69" hits="64" branch="false"/>
            <line number="72" hits="34" branch="true" condition-coverage="100% (1/1)"/>
            <line number="73" hits="8" branch="false"/>
            <line number="75" hits="26" branch="true" condition-coverage="100% (1/1)"/>
            <line number="76" hits="11" branch="false"/>
            <line number="82" hits="20" branch="true" condition-coverage="100% (1/1)"/>
            <line number="83" hits="4" branch="false"/>
            <line number="85" hits="16" branch="true" condition-coverage="100% (1/1)"/>
            <line number="86" hits="8" branch="false"/>
            <line number="92" hits="12" branch="true" condition-coverage="100% (1/1)"/>
            <line number="93" hits="4" branch="false"/>
            <line number="95" hits="8" branch="true" condition-coverage="100% (1/1)"/>
            <line number="96" hits="8" branch="false"/>
            <line number="102" hits="4" branch="false"/>
            <line number="106" hits="110" branch="true" condition-coverage="100% (1/1)"/>
            <line number="107" hits="1" branch="false"/>
            <line number="110" hits="109" branch="false"/>
            <line number="111" hits="109" branch="true" condition-coverage="0% (0/1)"/>
            <line number="112" hits="0" branch="false"/>
            <line number="115" hits="109" branch="true" condition-coverage="60% (3/5)"/>
            <line number="117" hits="32" branch="true" condition-coverage="100% (1/1)"/>
            <line number="118" hits="13" branch="false"/>
            <line number="120" hits="19" branch="true" condition-coverage="100% (1/1)"/>
            <line number="121" hits="6" branch="false"/>
            <line number="124" hits="16" branch="true" condition-coverage="100% (1/1)"/>
            <line number="125" hits="9" branch="true" condition-coverage="50% (1/2)"/>
            <line number="127" hits="7" branch="true" condition-coverage="100% (1/1)"/>
            <line number="128" hits="2" branch="true" condition-coverage="50% (1/2)"/>
            <line number="131" hits="6" branch="true" condition-coverage="100% (1/1)"/>
            <line number="132" hits="2" branch="true" condition-coverage="50% (1/2)"/>
            <line number="134" hits="4" branch="true" condition-coverage="100% (1/1)"/>
            <line number="135" hits="3" branch="true" condition-coverage="50% (1/2)"/>
            <line number="138" hits="2" branch="true" condition-coverage="100% (1/1)"/>
            <line number="139" hits="2" branch="false"/>
            <line number="142" hits="0" branch="false"/>
            <line number="146" hits="13" branch="true" condition-coverage="100% (1/1)"/>
            <line number="147" hits="2" branch="false"/>
            <line number="149" hits="11" branch="true" condition-coverage="100% (1/1)"/>
            <line number="150" hits="4" branch="false"/>
            <line number="153" hits="9" branch="true" condition-coverage="100% (1/1)"/>
            <line number="154" hits="2" branch="false"/>
            <line number="156" hits="7" branch="true" condition-coverage="100% (1/1)"/>
            <line number="157" hits="2" branch="false"/>
            <line number="158" hits="3" branch="false"/>
            <line number="161" hits="5" branch="true" condition-coverage="100% (1/1)"/>
            <line number="162" hits="5" branch="false"/>
            <line number="165" hits="0" branch="false"/>
            <line number="169" hits="0" branch="true" condition-coverage="0% (0/1)"/>
            <line number="170" hits="0" branch="false"/>
            <line number="173" hits="0" branch="false"/>
            <line number="177" hits="64" branch="true" condition-coverage="100% (3/3)"/>
            <line number="178" hits="6" branch="false"/>
            <line number="181" hits="58" branch="true" condition-coverage="50% (1/2)"/>
            <line number="185" hits="7" branch="false"/>
            <line number="189" hits="58" branch="true" condition-coverage="100% (1/1)"/>
            <line number="190" hits="28" branch="false"/>
            <line number="192" hits="30" branch="true" condition-coverage="100% (1/1)"/>
            <line number="193" hits="9" branch="false"/>
            <line number="196" hits="26" branch="true" condition-coverage="100% (1/1)"/>
            <line number="197" hits="3" branch="false"/>
            <line number="199" hits="23" branch="true" condition-coverage="100% (1/1)"/>
            <line number="200" hits="3" branch="false"/>
            <line number="203" hits="21" branch="true" condition-coverage="100% (1/1)"/>
            <line number="204" hits="2" branch="false"/>
            <line number="206" hits="19" branch="true" condition-coverage="100% (1/1)"/>
            <line number="207" hits="3" branch="false"/>
            <line number="210" hits="16" branch="true" condition-coverage="100% (1/1)"/>
            <line number="211" hits="6" branch="false"/>
            <line number="213" hits="14" branch="true" condition-coverage="100% (1/1)"/>
            <line number="214" hits="9" branch="false"/>
            <line number="217" hits="9" branch="true" condition-coverage="100% (1/1)"/>
            <line number="218" hits="6" branch="false"/>
            <line number="221" hits="3" branch="false"/>
            <line number="224" hits="0" branch="false"/>
            <line number="229" hits="0" branch="false"/>
          </lines>
        </class>
        <class name="if.operator.ts" filename="src/expectations/operators/if.operator.ts" line-rate="0.875" branch-rate="0.5652">
          <methods>
            <method name="(anonymous_0)" hits="11" signature="()V">
              <lines>
                <line number="9" hits="11"/>
              </lines>
            </method>
            <method name="(anonymous_1)" hits="11" signature="()V">
              <lines>
                <line number="23" hits="11"/>
              </lines>
            </method>
            <method name="(anonymous_2)" hits="5" signature="()V">
              <lines>
                <line number="34" hits="5"/>
              </lines>
            </method>
            <method name="(anonymous_3)" hits="3" signature="()V">
              <lines>
                <line number="46" hits="3"/>
              </lines>
            </method>
            <method name="(anonymous_4)" hits="0" signature="()V">
              <lines>
                <line number="58" hits="0"/>
              </lines>
            </method>
            <method name="(anonymous_5)" hits="10" signature="()V">
              <lines>
                <line number="66" hits="10"/>
              </lines>
            </method>
            <method name="(anonymous_6)" hits="1" signature="()V">
              <lines>
                <line number="71" hits="1"/>
              </lines>
            </method>
          </methods>
          <lines>
            <line number="1" hits="19" branch="false"/>
            <line number="9" hits="19" branch="false"/>
            <line number="22" hits="11" branch="false"/>
            <line number="24" hits="11" branch="false"/>
            <line number="25" hits="11" branch="true" condition-coverage="100% (1/1)"/>
            <line number="26" hits="3" branch="false"/>
            <line number="29" hits="8" branch="false"/>
            <line number="30" hits="8" branch="false"/>
            <line number="35" hits="5" branch="false"/>
            <line number="36" hits="5" branch="true" condition-coverage="0% (0/1)"/>
            <line number="37" hits="0" branch="false"/>
            <line number="40" hits="5" branch="false"/>
            <line number="41" hits="5" branch="false"/>
            <line number="47" hits="3" branch="false"/>
            <line number="48" hits="3" branch="true" condition-coverage="0% (0/1)"/>
            <line number="49" hits="0" branch="false"/>
            <line number="52" hits="3" branch="false"/>
            <line number="53" hits="3" branch="false"/>
            <line number="59" hits="0" branch="false"/>
            <line number="67" hits="10" branch="true" condition-coverage="100% (2/2)"/>
            <line number="68" hits="10" branch="true" condition-coverage="100% (4/4)"/>
            <line number="72" hits="1" branch="true" condition-coverage="50% (1/2)"/>
            <line number="74" hits="1" branch="true" condition-coverage="50% (1/2)"/>
            <line number="75" hits="1" branch="false"/>
          </lines>
        </class>
        <class name="index.ts" filename="src/expectations/operators/index.ts" line-rate="1" branch-rate="1">
          <methods>
            <method name="(anonymous_1)" hits="17" signature="()V">
              <lines>
                <line number="1" hits="17"/>
              </lines>
            </method>
            <method name="(anonymous_2)" hits="12" signature="()V">
              <lines>
                <line number="2" hits="12"/>
              </lines>
            </method>
            <method name="(anonymous_3)" hits="1" signature="()V">
              <lines>
                <line number="3" hits="1"/>
              </lines>
            </method>
            <method name="(anonymous_4)" hits="11" signature="()V">
              <lines>
                <line number="4" hits="11"/>
              </lines>
            </method>
            <method name="(anonymous_5)" hits="191" signature="()V">
              <lines>
                <line number="5" hits="191"/>
              </lines>
            </method>
            <method name="(anonymous_6)" hits="30" signature="()V">
              <lines>
                <line number="6" hits="30"/>
              </lines>
            </method>
            <method name="(anonymous_7)" hits="6" signature="()V">
              <lines>
                <line number="7" hits="6"/>
              </lines>
            </method>
            <method name="(anonymous_8)" hits="6" signature="()V">
              <lines>
                <line number="8" hits="6"/>
              </lines>
            </method>
            <method name="(anonymous_9)" hits="13" signature="()V">
              <lines>
                <line number="9" hits="13"/>
              </lines>
            </method>
            <method name="(anonymous_10)" hits="14" signature="()V">
              <lines>
                <line number="10" hits="14"/>
              </lines>
            </method>
            <method name="(anonymous_11)" hits="11" signature="()V">
              <lines>
                <line number="11" hits="11"/>
              </lines>
            </method>
          </methods>
          <lines>
            <line number="1" hits="36" branch="false"/>
            <line number="2" hits="31" branch="false"/>
            <line number="3" hits="20" branch="false"/>
            <line number="4" hits="30" branch="false"/>
            <line number="5" hits="210" branch="false"/>
            <line number="6" hits="49" branch="false"/>
            <line number="7" hits="25" branch="false"/>
            <line number="8" hits="25" branch="false"/>
            <line number="9" hits="32" branch="false"/>
            <line number="10" hits="33" branch="false"/>
            <line number="11" hits="30" branch="false"/>
          </lines>
        </class>
        <class name="merge.operator.ts" filename="src/expectations/operators/merge.operator.ts" line-rate="0.88" branch-rate="0.6315">
          <methods>
            <method name="(anonymous_1)" hits="6" signature="()V">
              <lines>
                <line number="17" hits="6"/>
              </lines>
            </method>
            <method name="(anonymous_2)" hits="2" signature="()V">
              <lines>
                <line number="44" hits="2"/>
              </lines>
            </method>
            <method name="(anonymous_3)" hits="0" signature="()V">
              <lines>
                <line number="48" hits="0"/>
              </lines>
            </method>
            <method name="(anonymous_4)" hits="4" signature="()V">
              <lines>
                <line number="52" hits="4"/>
              </lines>
            </method>
            <method name="(anonymous_5)" hits="0" signature="()V">
              <lines>
                <line number="65" hits="0"/>
              </lines>
            </method>
            <method name="(anonymous_6)" hits="0" signature="()V">
              <lines>
                <line number="66" hits="0"/>
              </lines>
            </method>
            <method name="(anonymous_7)" hits="2" signature="()V">
              <lines>
                <line number="73" hits="2"/>
              </lines>
            </method>
          </methods>
          <lines>
            <line number="1" hits="19" branch="false"/>
            <line number="2" hits="19" branch="false"/>
            <line number="4" hits="19" branch="false"/>
            <line number="5" hits="19" branch="false"/>
            <line number="6" hits="19" branch="false"/>
            <line number="17" hits="19" branch="false"/>
            <line number="38" hits="6" branch="false"/>
            <line number="45" hits="2" branch="false"/>
            <line number="49" hits="0" branch="false"/>
            <line number="53" hits="4" branch="false"/>
            <line number="54" hits="4" branch="true" condition-coverage="100% (3/3)"/>
            <line number="55" hits="1" branch="false"/>
            <line number="58" hits="3" branch="true" condition-coverage="100% (1/1)"/>
            <line number="59" hits="1" branch="false"/>
            <line number="61" hits="1" branch="false"/>
            <line number="65" hits="0" branch="false"/>
            <line number="66" hits="0" branch="true" condition-coverage="50% (1/2)"/>
            <line number="69" hits="1" branch="false"/>
            <line number="72" hits="2" branch="true" condition-coverage="100% (1/1)"/>
            <line number="73" hits="1" branch="false"/>
            <line number="74" hits="2" branch="false"/>
            <line number="76" hits="2" branch="false"/>
            <line number="85" hits="1" branch="false"/>
            <line number="88" hits="1" branch="false"/>
            <line number="96" hits="1" branch="false"/>
          </lines>
        </class>
        <class name="not.operator.ts" filename="src/expectations/operators/not.operator.ts" line-rate="0.7272" branch-rate="0.3333">
          <methods>
            <method name="(anonymous_0)" hits="1" signature="()V">
              <lines>
                <line number="9" hits="1"/>
              </lines>
            </method>
            <method name="(anonymous_1)" hits="1" signature="()V">
              <lines>
                <line number="17" hits="1"/>
              </lines>
            </method>
            <method name="(anonymous_2)" hits="0" signature="()V">
              <lines>
                <line number="27" hits="0"/>
              </lines>
            </method>
            <method name="(anonymous_3)" hits="1" signature="()V">
              <lines>
                <line number="31" hits="1"/>
              </lines>
            </method>
            <method name="(anonymous_4)" hits="0" signature="()V">
              <lines>
                <line number="35" hits="0"/>
              </lines>
            </method>
          </methods>
          <lines>
            <line number="1" hits="19" branch="false"/>
            <line number="9" hits="19" branch="false"/>
            <line number="17" hits="1" branch="false"/>
            <line number="18" hits="1" branch="false"/>
            <line number="19" hits="1" branch="true" condition-coverage="0% (0/1)"/>
            <line number="20" hits="0" branch="false"/>
            <line number="23" hits="1" branch="false"/>
            <line number="24" hits="1" branch="false"/>
            <line number="28" hits="0" branch="false"/>
            <line number="32" hits="1" branch="true" condition-coverage="50% (1/2)"/>
            <line number="36" hits="0" branch="false"/>
          </lines>
        </class>
        <class name="or.operator.ts" filename="src/expectations/operators/or.operator.ts" line-rate="1" branch-rate="1">
          <methods>
            <method name="(anonymous_0)" hits="12" signature="()V">
              <lines>
                <line number="9" hits="12"/>
              </lines>
            </method>
            <method name="(anonymous_1)" hits="27" signature="()V">
              <lines>
                <line number="18" hits="27"/>
              </lines>
            </method>
            <method name="(anonymous_2)" hits="27" signature="()V">
              <lines>
                <line number="20" hits="27"/>
              </lines>
            </method>
            <method name="(anonymous_3)" hits="2" signature="()V">
              <lines>
                <line number="25" hits="2"/>
              </lines>
            </method>
            <method name="(anonymous_4)" hits="7" signature="()V">
              <lines>
                <line number="26" hits="7"/>
              </lines>
            </method>
            <method name="(anonymous_5)" hits="9" signature="()V">
              <lines>
                <line number="29" hits="9"/>
              </lines>
            </method>
            <method name="(anonymous_6)" hits="16" signature="()V">
              <lines>
                <line number="30" hits="16"/>
              </lines>
            </method>
            <method name="(anonymous_7)" hits="1" signature="()V">
              <lines>
                <line number="33" hits="1"/>
              </lines>
            </method>
            <method name="(anonymous_8)" hits="2" signature="()V">
              <lines>
                <line number="34" hits="2"/>
              </lines>
            </method>
          </methods>
          <lines>
            <line number="1" hits="19" branch="false"/>
            <line number="9" hits="19" branch="false"/>
            <line number="17" hits="12" branch="false"/>
            <line number="18" hits="27" branch="false"/>
            <line number="21" hits="27" branch="false"/>
            <line number="22" hits="27" branch="false"/>
            <line number="26" hits="7" branch="false"/>
            <line number="30" hits="16" branch="false"/>
            <line number="34" hits="2" branch="false"/>
            <line number="35" hits="1" branch="false"/>
          </lines>
        </class>
        <class name="remove.operator.ts" filename="src/expectations/operators/remove.operator.ts" line-rate="0.9473" branch-rate="1">
          <methods>
            <method name="(anonymous_1)" hits="2" signature="()V">
              <lines>
                <line number="22" hits="2"/>
              </lines>
            </method>
            <method name="(anonymous_2)" hits="0" signature="()V">
              <lines>
                <line number="26" hits="0"/>
              </lines>
            </method>
            <method name="(anonymous_3)" hits="4" signature="()V">
              <lines>
                <line number="30" hits="4"/>
              </lines>
            </method>
            <method name="(anonymous_4)" hits="2" signature="()V">
              <lines>
                <line number="43" hits="2"/>
              </lines>
            </method>
          </methods>
          <lines>
            <line number="1" hits="19" branch="false"/>
            <line number="4" hits="19" branch="false"/>
            <line number="5" hits="19" branch="false"/>
            <line number="6" hits="19" branch="false"/>
            <line number="8" hits="19" branch="false"/>
            <line number="23" hits="2" branch="false"/>
            <line number="27" hits="0" branch="false"/>
            <line number="31" hits="4" branch="false"/>
            <line number="32" hits="4" branch="true" condition-coverage="100% (1/1)"/>
            <line number="33" hits="1" branch="false"/>
            <line number="36" hits="3" branch="true" condition-coverage="100% (1/1)"/>
            <line number="37" hits="1" branch="false"/>
            <line number="38" hits="1" branch="false"/>
            <line number="41" hits="2" branch="true" condition-coverage="100% (3/3)"/>
            <line number="42" hits="1" branch="false"/>
            <line number="43" hits="2" branch="false"/>
            <line number="45" hits="1" branch="false"/>
            <line number="48" hits="1" branch="false"/>
            <line number="49" hits="1" branch="false"/>
          </lines>
        </class>
        <class name="root.operator.ts" filename="src/expectations/operators/root.operator.ts" line-rate="0.6315" branch-rate="0.1818">
          <methods>
            <method name="(anonymous_0)" hits="11" signature="()V">
              <lines>
                <line number="12" hits="11"/>
              </lines>
            </method>
            <method name="(anonymous_1)" hits="11" signature="()V">
              <lines>
                <line number="20" hits="11"/>
              </lines>
            </method>
            <method name="(anonymous_2)" hits="11" signature="()V">
              <lines>
                <line number="30" hits="11"/>
              </lines>
            </method>
            <method name="(anonymous_3)" hits="6" signature="()V">
              <lines>
                <line number="34" hits="6"/>
              </lines>
            </method>
            <method name="(anonymous_4)" hits="0" signature="()V">
              <lines>
                <line number="43" hits="0"/>
              </lines>
            </method>
          </methods>
          <lines>
            <line number="1" hits="19" branch="false"/>
            <line number="2" hits="19" branch="false"/>
            <line number="10" hits="19" branch="false"/>
            <line number="12" hits="19" branch="false"/>
            <line number="20" hits="11" branch="false"/>
            <line number="21" hits="11" branch="false"/>
            <line number="22" hits="11" branch="true" condition-coverage="0% (0/1)"/>
            <line number="23" hits="0" branch="false"/>
            <line number="26" hits="11" branch="false"/>
            <line number="27" hits="11" branch="false"/>
            <line number="31" hits="11" branch="true" condition-coverage="50% (1/2)"/>
            <line number="35" hits="6" branch="false"/>
            <line number="36" hits="6" branch="true" condition-coverage="50% (1/2)"/>
            <line number="38" hits="0" branch="true" condition-coverage="0% (0/2)"/>
            <line number="39" hits="0" branch="false"/>
            <line number="44" hits="0" branch="false"/>
            <line number="45" hits="0" branch="true" condition-coverage="0% (0/2)"/>
            <line number="47" hits="0" branch="true" condition-coverage="0% (0/2)"/>
            <line number="48" hits="0" branch="false"/>
          </lines>
        </class>
        <class name="set.operator.ts" filename="src/expectations/operators/set.operator.ts" line-rate="0.8214" branch-rate="0.5769">
          <methods>
            <method name="(anonymous_1)" hits="30" signature="()V">
              <lines>
                <line number="16" hits="30"/>
              </lines>
            </method>
            <method name="(anonymous_2)" hits="10" signature="()V">
              <lines>
                <line number="43" hits="10"/>
              </lines>
            </method>
            <method name="(anonymous_3)" hits="0" signature="()V">
              <lines>
                <line number="59" hits="0"/>
              </lines>
            </method>
            <method name="(anonymous_4)" hits="20" signature="()V">
              <lines>
                <line number="63" hits="20"/>
              </lines>
            </method>
            <method name="(anonymous_5)" hits="2" signature="()V">
              <lines>
                <line number="97" hits="2"/>
              </lines>
            </method>
          </methods>
          <lines>
            <line number="1" hits="19" branch="false"/>
            <line number="3" hits="19" branch="false"/>
            <line number="4" hits="19" branch="false"/>
            <line number="5" hits="19" branch="false"/>
            <line number="16" hits="19" branch="false"/>
            <line number="37" hits="30" branch="false"/>
            <line number="44" hits="10" branch="true" condition-coverage="0% (0/1)"/>
            <line number="45" hits="0" branch="true" condition-coverage="0% (0/2)"/>
            <line number="50" hits="10" branch="true" condition-coverage="0% (0/1)"/>
            <line number="51" hits="0" branch="true" condition-coverage="0% (0/2)"/>
            <line number="56" hits="10" branch="false"/>
            <line number="60" hits="0" branch="false"/>
            <line number="64" hits="20" branch="false"/>
            <line number="65" hits="20" branch="true" condition-coverage="0% (0/1)"/>
            <line number="66" hits="0" branch="false"/>
            <line number="69" hits="20" branch="true" condition-coverage="80% (4/5)"/>
            <line number="73" hits="1" branch="false"/>
            <line number="79" hits="1" branch="false"/>
            <line number="83" hits="19" branch="true" condition-coverage="100% (1/1)"/>
            <line number="84" hits="17" branch="false"/>
            <line number="92" hits="17" branch="false"/>
            <line number="95" hits="2" branch="true" condition-coverage="100% (3/3)"/>
            <line number="96" hits="1" branch="false"/>
            <line number="97" hits="2" branch="true" condition-coverage="50% (1/2)"/>
            <line number="102" hits="1" branch="false"/>
            <line number="105" hits="1" branch="false"/>
            <line number="111" hits="1" branch="false"/>
            <line number="114" hits="0" branch="false"/>
          </lines>
        </class>
        <class name="switch.operator.ts" filename="src/expectations/operators/switch.operator.ts" line-rate="0.8823000000000001" branch-rate="0.5832999999999999">
          <methods>
            <method name="(anonymous_1)" hits="14" signature="()V">
              <lines>
                <line number="17" hits="14"/>
              </lines>
            </method>
[...]
            </method>
          </methods>
          <lines>
            <line number="1" hits="16" branch="false"/>
            <line number="7" hits="16" branch="false"/>
            <line number="9" hits="16" branch="false"/>
            <line number="15" hits="8" branch="false"/>
            <line number="16" hits="8" branch="false"/>
            <line number="18" hits="8" branch="false"/>
            <line number="19" hits="8" branch="false"/>
            <line number="21" hits="8" branch="false"/>
            <line number="24" hits="8" branch="true" condition-coverage="100% (2/2)"/>
            <line number="25" hits="8" branch="false"/>
            <line number="27" hits="8" branch="false"/>
            <line number="30" hits="1" branch="false"/>
            <line number="31" hits="1" branch="false"/>
            <line number="35" hits="0" branch="false"/>
            <line number="36" hits="0" branch="false"/>
            <line number="40" hits="8" branch="false"/>
            <line number="44" hits="11" branch="false"/>
            <line number="48" hits="1" branch="true" condition-coverage="100% (1/1)"/>
            <line number="49" hits="1" branch="false"/>
            <line number="52" hits="1" branch="false"/>
            <line number="56" hits="0" branch="false"/>
            <line number="61" hits="9" branch="true" condition-coverage="50% (1/2)"/>
            <line number="65" hits="0" branch="false"/>
            <line number="80" hits="1" branch="false"/>
          </lines>
        </class>
        <class name="storage.ts" filename="src/server/models/history/storage.ts" line-rate="0.875" branch-rate="1">
          <methods>
            <method name="(anonymous_1)" hits="7" signature="()V">
              <lines>
                <line number="7" hits="7"/>
              </lines>
            </method>
            <method name="(anonymous_2)" hits="5" signature="()V">
              <lines>
                <line number="11" hits="5"/>
              </lines>
            </method>
            <method name="(anonymous_3)" hits="1" signature="()V">
              <lines>
                <line number="26" hits="1"/>
              </lines>
            </method>
            <method name="(anonymous_4)" hits="0" signature="()V">
              <lines>
                <line number="34" hits="0"/>
              </lines>
            </method>
          </methods>
          <lines>
            <line number="1" hits="15" branch="false"/>
            <line number="2" hits="15" branch="false"/>
            <line number="4" hits="15" branch="false"/>
            <line number="5" hits="7" branch="false"/>
            <line number="7" hits="7" branch="false"/>
            <line number="8" hits="7" branch="false"/>
            <line number="12" hits="5" branch="true" condition-coverage="100% (2/2)"/>
            <line number="17" hits="5" branch="false"/>
            <line number="19" hits="5" branch="true" condition-coverage="100% (1/1)"/>
            <line number="20" hits="1" branch="false"/>
            <line number="23" hits="5" branch="false"/>
            <line number="27" hits="1" branch="true" condition-coverage="100% (1/1)"/>
            <line number="28" hits="1" branch="false"/>
            <line number="31" hits="1" branch="false"/>
            <line number="35" hits="0" branch="false"/>
            <line number="36" hits="0" branch="false"/>
          </lines>
        </class>
      </classes>
    </package>
    <package name="server.models.providers" line-rate="0.8965000000000001" branch-rate="0">
      <classes>
        <class name="index.ts" filename="src/server/models/providers/index.ts" line-rate="1" branch-rate="1">
          <methods>
          </methods>
          <lines>
            <line number="1" hits="12" branch="false"/>
            <line number="2" hits="12" branch="false"/>
          </lines>
        </class>
        <class name="model.ts" filename="src/server/models/providers/model.ts" line-rate="1" branch-rate="1">
          <methods>
            <method name="(anonymous_0)" hits="4" signature="()V">
              <lines>
                <line number="22" hits="4"/>
              </lines>
            </method>
            <method name="(anonymous_1)" hits="3" signature="()V">
              <lines>
                <line number="24" hits="3"/>
              </lines>
            </method>
            <method name="(anonymous_2)" hits="4" signature="()V">
              <lines>
                <line number="28" hits="4"/>
              </lines>
            </method>
          </methods>
          <lines>
            <line number="4" hits="14" branch="false"/>
            <line number="5" hits="14" branch="false"/>
            <line number="6" hits="14" branch="false"/>
            <line number="7" hits="14" branch="false"/>
            <line number="9" hits="14" branch="false"/>
            <line number="13" hits="4" branch="false"/>
            <line number="14" hits="4" branch="false"/>
            <line number="16" hits="4" branch="false"/>
            <line number="22" hits="4" branch="false"/>
            <line number="25" hits="3" branch="false"/>
            <line number="31" hits="4" branch="false"/>
          </lines>
        </class>
        <class name="storage.ts" filename="src/server/models/providers/storage.ts" line-rate="0.8125" branch-rate="0">
          <methods>
            <method name="(anonymous_0)" hits="1" signature="()V">
              <lines>
                <line number="12" hits="1"/>
              </lines>
            </method>
            <method name="(anonymous_1)" hits="1" signature="()V">
              <lines>
                <line number="16" hits="1"/>
              </lines>
            </method>
            <method name="(anonymous_2)" hits="2" signature="()V">
              <lines>
                <line number="20" hits="2"/>
              </lines>
            </method>
          </methods>
          <lines>
            <line number="4" hits="13" branch="false"/>
            <line number="5" hits="13" branch="false"/>
            <line number="7" hits="13" branch="false"/>
            <line number="9" hits="13" branch="false"/>
            <line number="10" hits="1" branch="false"/>
            <line number="12" hits="1" branch="false"/>
            <line number="13" hits="1" branch="false"/>
            <line number="17" hits="1" branch="false"/>
            <line number="21" hits="2" branch="false"/>
            <line number="23" hits="2" branch="true" condition-coverage="0% (0/1)"/>
            <line number="24" hits="0" branch="false"/>
            <line number="26" hits="2" branch="true" condition-coverage="0% (0/1)"/>
            <line number="27" hits="0" branch="false"/>
            <line number="28" hits="0" branch="false"/>
            <line number="31" hits="2" branch="false"/>
            <line number="32" hits="2" branch="false"/>
          </lines>
        </class>
      </classes>
    </package>
    <package name="server.models.transports" line-rate="1" branch-rate="1">
      <classes>
        <class name="index.ts" filename="src/server/models/transports/index.ts" line-rate="1" branch-rate="1">
          <methods>
          </methods>
          <lines>
            <line number="1" hits="12" branch="false"/>
            <line number="2" hits="12" branch="false"/>
          </lines>
        </class>
        <class name="model.ts" filename="src/server/models/transports/model.ts" line-rate="1" branch-rate="1">
          <methods>
          </methods>
          <lines>
            <line number="4" hits="12" branch="false"/>
          </lines>
        </class>
        <class name="storage.ts" filename="src/server/models/transports/storage.ts" line-rate="1" branch-rate="1">
          <methods>
            <method name="(anonymous_0)" hits="1" signature="()V">
              <lines>
                <line number="9" hits="1"/>
              </lines>
            </method>
          </methods>
          <lines>
            <line number="4" hits="13" branch="false"/>
            <line number="6" hits="13" branch="false"/>
            <line number="8" hits="13" branch="false"/>
            <line number="10" hits="1" branch="false"/>
            <line number="11" hits="1" branch="false"/>
          </lines>
        </class>
      </classes>
    </package>
    <package name="server.services" line-rate="0.75" branch-rate="0.6666">
      <classes>
        <class name="analytics.service.ts" filename="src/server/services/analytics.service.ts" line-rate="0.5925" branch-rate="0.5555">
          <methods>
            <method name="(anonymous_0)" hits="2" signature="()V">
              <lines>
                <line number="14" hits="2"/>
              </lines>
            </method>
            <method name="(anonymous_1)" hits="1" signature="()V">
              <lines>
                <line number="19" hits="1"/>
              </lines>
            </method>
            <method name="(anonymous_2)" hits="0" signature="()V">
              <lines>
                <line number="25" hits="0"/>
              </lines>
            </method>
            <method name="(anonymous_3)" hits="1" signature="()V">
              <lines>
                <line number="26" hits="1"/>
              </lines>
            </method>
            <method name="(anonymous_4)" hits="0" signature="()V">
              <lines>
                <line number="33" hits="0"/>
              </lines>
            </method>
            <method name="(anonymous_5)" hits="0" signature="()V">
              <lines>
                <line number="39" hits="0"/>
              </lines>
            </method>
            <method name="(anonymous_6)" hits="0" signature="()V">
              <lines>
                <line number="40" hits="0"/>
              </lines>
            </method>
            <method name="(anonymous_7)" hits="0" signature="()V">
              <lines>
                <line number="48" hits="0"/>
              </lines>
            </method>
            <method name="(anonymous_8)" hits="0" signature="()V">
              <lines>
                <line number="55" hits="0"/>
              </lines>
            </method>
          </methods>
          <lines>
            <line number="3" hits="1" branch="false"/>
            <line number="4" hits="1" branch="false"/>
            <line number="11" hits="1" branch="false"/>
            <line number="13" hits="1" branch="false"/>
            <line number="15" hits="2" branch="true" condition-coverage="100% (1/1)"/>
            <line number="16" hits="1" branch="false"/>
            <line number="19" hits="1" branch="false"/>
            <line number="20" hits="1" branch="true" condition-coverage="75% (3/4)"/>
            <line number="21" hits="1" branch="false"/>
            <line number="23" hits="1" branch="false"/>
            <line number="25" hits="1" branch="false"/>
            <line number="26" hits="1" branch="false"/>
            <line number="27" hits="1" branch="true" condition-coverage="50% (1/2)"/>
            <line number="28" hits="1" branch="false"/>
            <line number="30" hits="1" branch="false"/>
            <line number="33" hits="1" branch="false"/>
            <line number="34" hits="0" branch="false"/>
            <line number="36" hits="0" branch="false"/>
            <line number="38" hits="0" branch="false"/>
            <line number="39" hits="0" branch="false"/>
            <line number="41" hits="0" branch="true" condition-coverage="0% (0/2)"/>
            <line number="42" hits="0" branch="false"/>
            <line number="44" hits="0" branch="false"/>
            <line number="45" hits="0" branch="false"/>
            <line number="48" hits="0" branch="false"/>
            <line number="50" hits="0" branch="false"/>
            <line number="56" hits="0" branch="false"/>
          </lines>
        </class>
        <class name="metrics.service.ts" filename="src/server/services/metrics.service.ts" line-rate="1" branch-rate="1">
          <methods>
            <method name="(anonymous_1)" hits="3" signature="()V">
              <lines>
                <line number="21" hits="3"/>
              </lines>
            </method>
            <method name="(anonymous_2)" hits="4" signature="()V">
              <lines>
                <line number="25" hits="4"/>
              </lines>
            </method>
            <method name="(anonymous_3)" hits="1" signature="()V">
              <lines>
                <line number="43" hits="1"/>
              </lines>
            </method>
          </methods>
          <lines>
            <line number="1" hits="1" branch="false"/>
            <line number="3" hits="1" branch="false"/>
            <line number="4" hits="1" branch="false"/>
            <line number="11" hits="1" branch="false"/>
            <line number="12" hits="3" branch="true" condition-coverage="100% (2/2)"/>
            <line number="14" hits="3" branch="false"/>
            <line number="21" hits="3" branch="false"/>
            <line number="22" hits="3" branch="false"/>
            <line number="29" hits="4" branch="true" condition-coverage="100% (1/1)"/>
            <line number="30" hits="1" branch="false"/>
            <line number="33" hits="3" branch="false"/>
            <line number="34" hits="3" branch="false"/>
            <line number="36" hits="3" branch="false"/>
            <line number="37" hits="3" branch="false"/>
            <line number="39" hits="3" branch="false"/>
            <line number="40" hits="3" branch="false"/>
            <line number="44" hits="1" branch="false"/>
          </lines>
        </class>
      </classes>
    </package>
    <package name="utils" line-rate="0.7692" branch-rate="0.3529">
      <classes>
        <class name="common.ts" filename="src/utils/common.ts" line-rate="0.9" branch-rate="0.8332999999999999">
          <methods>
            <method name="(anonymous_0)" hits="1" signature="()V">
              <lines>
                <line number="3" hits="1"/>
              </lines>
            </method>
            <method name="(anonymous_1)" hits="1" signature="()V">
              <lines>
                <line number="3" hits="1"/>
              </lines>
            </method>
            <method name="(anonymous_2)" hits="132" signature="()V">
              <lines>
                <line number="4" hits="132"/>
              </lines>
            </method>
            <method name="(anonymous_3)" hits="2" signature="()V">
              <lines>
                <line number="6" hits="2"/>
              </lines>
            </method>
            <method name="(anonymous_4)" hits="0" signature="()V">
              <lines>
                <line number="11" hits="0"/>
              </lines>
            </method>
            <method name="(anonymous_5)" hits="9" signature="()V">
              <lines>
                <line number="30" hits="9"/>
              </lines>
            </method>
            <method name="(anonymous_6)" hits="3" signature="()V">
              <lines>
                <line number="31" hits="3"/>
              </lines>
            </method>
          </methods>
          <lines>
            <line number="3" hits="26" branch="false"/>
            <line number="4" hits="132" branch="false"/>
            <line number="6" hits="26" branch="false"/>
            <line number="10" hits="2" branch="true" condition-coverage="0% (0/1)"/>
            <line number="11" hits="0" branch="false"/>
            <line number="14" hits="2" branch="true" condition-coverage="100% (2/2)"/>
            <line number="29" hits="26" branch="false"/>
            <line number="30" hits="26" branch="true" condition-coverage="100% (2/2)"/>
            <line number="31" hits="9" branch="true" condition-coverage="100% (1/1)"/>
            <line number="32" hits="3" branch="false"/>
          </lines>
        </class>
        <class name="index.ts" filename="src/utils/index.ts" line-rate="1" branch-rate="1">
          <methods>
          </methods>
          <lines>
            <line number="1" hits="25" branch="false"/>
            <line number="2" hits="25" branch="false"/>
            <line number="3" hits="25" branch="false"/>
            <line number="4" hits="25" branch="false"/>
          </lines>
        </class>
        <class name="json.ts" filename="src/utils/json.ts" line-rate="0.8887999999999999" branch-rate="0.25">
          <methods>
            <method name="(anonymous_0)" hits="11" signature="()V">
              <lines>
                <line number="10" hits="11"/>
              </lines>
            </method>
            <method name="(anonymous_1)" hits="2" signature="()V">
              <lines>
                <line number="24" hits="2"/>
              </lines>
            </method>
          </methods>
          <lines>
            <line number="1" hits="25" branch="false"/>
            <line number="10" hits="25" branch="false"/>
            <line number="11" hits="11" branch="false"/>
            <line number="12" hits="11" branch="false"/>
            <line number="17" hits="0" branch="false"/>
            <line number="24" hits="25" branch="false"/>
            <line number="25" hits="2" branch="false"/>
            <line number="26" hits="2" branch="false"/>
            <line number="31" hits="1" branch="false"/>
          </lines>
        </class>
        <class name="regexp.ts" filename="src/utils/regexp.ts" line-rate="1" branch-rate="1">
          <methods>
            <method name="(anonymous_0)" hits="48" signature="()V">
              <lines>
                <line number="1" hits="48"/>
              </lines>
            </method>
          </methods>
          <lines>
            <line number="1" hits="48" branch="false"/>
          </lines>
        </class>
        <class name="validation.ts" filename="src/utils/validation.ts" line-rate="0.5333" branch-rate="0">
          <methods>
            <method name="(anonymous_0)" hits="0" signature="()V">
              <lines>
                <line number="13" hits="0"/>
              </lines>
            </method>
            <method name="(anonymous_1)" hits="0" signature="()V">
              <lines>
                <line number="19" hits="0"/>
              </lines>
            </method>
            <method name="(anonymous_2)" hits="0" signature="()V">
              <lines>
                <line number="22" hits="0"/>
              </lines>
            </method>
            <method name="(anonymous_3)" hits="0" signature="()V">
              <lines>
                <line number="27" hits="0"/>
              </lines>
            </method>
            <method name="(anonymous_4)" hits="0" signature="()V">
              <lines>
                <line number="27" hits="0"/>
              </lines>
            </method>
          </methods>
          <lines>
            <line number="1" hits="25" branch="false"/>
            <line number="2" hits="25" branch="false"/>
            <line number="11" hits="25" branch="false"/>
            <line number="13" hits="25" branch="false"/>
            <line number="18" hits="25" branch="false"/>
            <line number="19" hits="25" branch="false"/>
            <line number="20" hits="0" branch="true" condition-coverage="0% (0/2)"/>
            <line number="22" hits="25" branch="true" condition-coverage="0% (0/1)"/>
            <line number="23" hits="0" branch="false"/>
            <line number="24" hits="0" branch="true" condition-coverage="0% (0/2)"/>
            <line number="27" hits="25" branch="false"/>
            <line number="28" hits="0" branch="true" condition-coverage="0% (0/2)"/>
            <line number="31" hits="0" branch="false"/>
            <line number="32" hits="0" branch="false"/>
            <line number="34" hits="0" branch="false"/>
          </lines>
        </class>
      </classes>
    </package>
  </packages>
</coverage>
